[debug] [2020-05-02T07:52:58.571Z] ----------------------------------------------------------------------
[debug] [2020-05-02T07:52:58.574Z] Command:       C:\Program Files\nodejs\node.exe C:\Users\snix\AppData\Roaming\npm\node_modules\firebase-tools\lib\bin\firebase.js emulators:start
[debug] [2020-05-02T07:52:58.574Z] CLI Version:   7.2.2
[debug] [2020-05-02T07:52:58.574Z] Platform:      win32
[debug] [2020-05-02T07:52:58.574Z] Node Version:  v12.13.0
[debug] [2020-05-02T07:52:58.576Z] Time:          Sat May 02 2020 10:52:58 GMT+0300 (Eastern European Summer Time)
[debug] [2020-05-02T07:52:58.576Z] ----------------------------------------------------------------------
[debug] 
[debug] [2020-05-02T07:52:58.584Z] > command requires scopes: ["email","openid","https://www.googleapis.com/auth/cloudplatformprojects.readonly","https://www.googleapis.com/auth/firebase","https://www.googleapis.com/auth/cloud-platform"]
[debug] [2020-05-02T07:52:58.585Z] > authorizing via signed-in user
[info] i  Starting emulators: ["functions","firestore","hosting"]
[warn] !  Your requested "node" version "8" doesn't match your global version "12"
[debug] [2020-05-02T07:52:58.624Z] > refreshing access token with scopes: ["email","https://www.googleapis.com/auth/cloud-platform","https://www.googleapis.com/auth/cloudplatformprojects.readonly","https://www.googleapis.com/auth/firebase","openid"]
[debug] [2020-05-02T07:52:58.624Z] >>> HTTP REQUEST POST https://www.googleapis.com/oauth2/v3/token  
 <request body omitted>
[debug] [2020-05-02T07:52:58.802Z] <<< HTTP RESPONSE 200
[debug] [2020-05-02T07:52:58.811Z] >>> HTTP REQUEST GET https://firebase.googleapis.com/v1beta1/projects/online-cv-476e2/adminSdkConfig  
 
[debug] [2020-05-02T07:52:59.122Z] <<< HTTP RESPONSE 200
[info] +  functions: Emulator started at http://localhost:5001
[debug] [2020-05-02T07:52:59.418Z] Ignoring unsupported arg: projectId
[debug] [2020-05-02T07:52:59.418Z] Ignoring unsupported arg: auto_download
[debug] [2020-05-02T07:52:59.418Z] Starting emulator firestore with args {"host":"localhost","port":8000,"projectId":"online-cv-476e2","auto_download":true,"rules":"C:\\Users\\snix\\source\\repos\\Web-portfolio\\firestore.rules","functions_emulator":"localhost:5001"}
[info] i  firestore: Emulator logging to firestore-debug.log
[debug] [2020-05-02T07:53:02.894Z] API endpoint: http://localhost
[debug] [2020-05-02T07:53:02.894Z] :8000
If you are using a library that supports the FIRESTORE_EMULATOR_HOST environment variable, run:

   export FIRESTORE_EMULATOR_HOST=localhost:8000

Dev App Server is now running.


[info] +  firestore: Emulator started at http://localhost:8000
[info] i  firestore: For testing set FIRESTORE_EMULATOR_HOST=localhost:8000
[debug] [2020-05-02T07:53:03.108Z] >>> HTTP REQUEST GET https://firebase.googleapis.com/v1beta1/projects/online-cv-476e2/webApps/-/config  
 
[debug] [2020-05-02T07:53:03.725Z] <<< HTTP RESPONSE 200
[info] i  hosting: Serving hosting files from: public
[info] +  hosting: Local server: http://localhost:5000
[info] +  hosting: Emulator started at http://localhost:5000
[info] i  functions: Watching "C:\Users\snix\source\repos\Web-portfolio\functions" for Cloud Functions...
[debug] [2020-05-02T07:53:04.437Z] [runtime-status] Functions runtime initialized. {"cwd":"C:\\Users\\snix\\source\\repos\\Web-portfolio\\functions","node_version":"12.13.0"}
[debug] [2020-05-02T07:53:04.438Z] [runtime-status] Disabled runtime features: undefined {}
[debug] [2020-05-02T07:53:04.440Z] [runtime-status] Resolved module firebase-admin {"declared":true,"installed":true,"version":"8.7.0","resolution":"C:\\Users\\snix\\source\\repos\\Web-portfolio\\functions\\node_modules\\firebase-admin\\lib\\index.js"}
[debug] [2020-05-02T07:53:04.442Z] [runtime-status] Resolved module firebase-functions {"declared":true,"installed":true,"version":"3.3.0","resolution":"C:\\Users\\snix\\source\\repos\\Web-portfolio\\functions\\node_modules\\firebase-functions\\lib\\index.js"}
[debug] [2020-05-02T07:53:04.762Z] [runtime-status] Found google-gax at C:\Users\snix\source\repos\Web-portfolio\functions\node_modules\google-gax\build\src\index.js {}
[debug] [2020-05-02T07:53:04.762Z] [runtime-status] Outgoing network have been stubbed. [{"name":"http","status":"mocked"},{"name":"http","status":"mocked"},{"name":"https","status":"mocked"},{"name":"https","status":"mocked"},{"name":"net","status":"mocked"},{"name":"google-gax","status":"mocked"}]
[debug] [2020-05-02T07:53:04.814Z] [runtime-status] Checked functions.config() {"config":{"gmail":{"pass":"oxzxnbacnvxkrrnw","login":"noreply.dpalyov@gmail.com"},"github":{"key":"48e988f653d2a3e8fa678b829f38c037585c7f1a"}}}
[debug] [2020-05-02T07:53:04.815Z] [runtime-status] Resolved module firebase-functions {"declared":true,"installed":true,"version":"3.3.0","resolution":"C:\\Users\\snix\\source\\repos\\Web-portfolio\\functions\\node_modules\\firebase-functions\\lib\\index.js"}
[debug] [2020-05-02T07:53:04.816Z] [runtime-status] Resolved module firebase-admin {"declared":true,"installed":true,"version":"8.7.0","resolution":"C:\\Users\\snix\\source\\repos\\Web-portfolio\\functions\\node_modules\\firebase-admin\\lib\\index.js"}
[debug] [2020-05-02T07:53:04.866Z] [runtime-status] firebase-admin has been stubbed. {"adminResolution":{"declared":true,"installed":true,"version":"8.7.0","resolution":"C:\\Users\\snix\\source\\repos\\Web-portfolio\\functions\\node_modules\\firebase-admin\\lib\\index.js"}}
[debug] [2020-05-02T07:53:05.065Z] [runtime-status] initializeApp(DEFAULT) {"databaseURL":"https://online-cv-476e2.firebaseio.com","storageBucket":"online-cv-476e2.appspot.com","projectId":"online-cv-476e2"}
[info] +  All emulators started, it is now safe to connect.
[debug] [2020-05-02T07:54:32.468Z] Accepted request GET /online-cv-476e2/us-central1/githubRepos/dpalyov --> githubRepos
[debug] [2020-05-02T07:54:32.931Z] [runtime-status] Functions runtime initialized. {"cwd":"C:\\Users\\snix\\source\\repos\\Web-portfolio\\functions","node_version":"12.13.0"}
[info] i  functions: Beginning execution of "githubRepos"
[debug] [2020-05-02T07:54:32.932Z] [runtime-status] Disabled runtime features: undefined {}
[debug] [2020-05-02T07:54:32.935Z] [runtime-status] Resolved module firebase-admin {"declared":true,"installed":true,"version":"8.7.0","resolution":"C:\\Users\\snix\\source\\repos\\Web-portfolio\\functions\\node_modules\\firebase-admin\\lib\\index.js"}
[debug] [2020-05-02T07:54:32.937Z] [runtime-status] Resolved module firebase-functions {"declared":true,"installed":true,"version":"3.3.0","resolution":"C:\\Users\\snix\\source\\repos\\Web-portfolio\\functions\\node_modules\\firebase-functions\\lib\\index.js"}
[debug] [2020-05-02T07:54:33.288Z] [runtime-status] Found google-gax at C:\Users\snix\source\repos\Web-portfolio\functions\node_modules\google-gax\build\src\index.js {}
[debug] [2020-05-02T07:54:33.289Z] [runtime-status] Outgoing network have been stubbed. [{"name":"http","status":"mocked"},{"name":"http","status":"mocked"},{"name":"https","status":"mocked"},{"name":"https","status":"mocked"},{"name":"net","status":"mocked"},{"name":"google-gax","status":"mocked"}]
[debug] [2020-05-02T07:54:33.344Z] [runtime-status] Checked functions.config() {"config":{"gmail":{"pass":"oxzxnbacnvxkrrnw","login":"noreply.dpalyov@gmail.com"},"github":{"key":"48e988f653d2a3e8fa678b829f38c037585c7f1a"}}}
[debug] [2020-05-02T07:54:33.345Z] [runtime-status] Resolved module firebase-functions {"declared":true,"installed":true,"version":"3.3.0","resolution":"C:\\Users\\snix\\source\\repos\\Web-portfolio\\functions\\node_modules\\firebase-functions\\lib\\index.js"}
[debug] [2020-05-02T07:54:33.347Z] [runtime-status] Resolved module firebase-admin {"declared":true,"installed":true,"version":"8.7.0","resolution":"C:\\Users\\snix\\source\\repos\\Web-portfolio\\functions\\node_modules\\firebase-admin\\lib\\index.js"}
[debug] [2020-05-02T07:54:33.404Z] [runtime-status] firebase-admin has been stubbed. {"adminResolution":{"declared":true,"installed":true,"version":"8.7.0","resolution":"C:\\Users\\snix\\source\\repos\\Web-portfolio\\functions\\node_modules\\firebase-admin\\lib\\index.js"}}
[debug] [2020-05-02T07:54:33.625Z] [runtime-status] initializeApp(DEFAULT) {"databaseURL":"https://online-cv-476e2.firebaseio.com","storageBucket":"online-cv-476e2.appspot.com","projectId":"online-cv-476e2"}
[warn] !  functions: Could not find trigger "githubRepos" in your functions directory.
[warn] !  Your function was killed because it raised an unhandled error.
[debug] [2020-05-02T07:55:41.639Z] Accepted request GET /online-cv-476e2/us-central1/app/githubRepos/dpalyov --> app
[debug] [2020-05-02T07:55:42.070Z] [runtime-status] Functions runtime initialized. {"cwd":"C:\\Users\\snix\\source\\repos\\Web-portfolio\\functions","node_version":"12.13.0"}
[info] i  functions: Beginning execution of "app"
[debug] [2020-05-02T07:55:42.071Z] [runtime-status] Disabled runtime features: undefined {}
[debug] [2020-05-02T07:55:42.076Z] [runtime-status] Resolved module firebase-admin {"declared":true,"installed":true,"version":"8.7.0","resolution":"C:\\Users\\snix\\source\\repos\\Web-portfolio\\functions\\node_modules\\firebase-admin\\lib\\index.js"}
[debug] [2020-05-02T07:55:42.079Z] [runtime-status] Resolved module firebase-functions {"declared":true,"installed":true,"version":"3.3.0","resolution":"C:\\Users\\snix\\source\\repos\\Web-portfolio\\functions\\node_modules\\firebase-functions\\lib\\index.js"}
[debug] [2020-05-02T07:55:42.438Z] [runtime-status] Found google-gax at C:\Users\snix\source\repos\Web-portfolio\functions\node_modules\google-gax\build\src\index.js {}
[debug] [2020-05-02T07:55:42.438Z] [runtime-status] Outgoing network have been stubbed. [{"name":"http","status":"mocked"},{"name":"http","status":"mocked"},{"name":"https","status":"mocked"},{"name":"https","status":"mocked"},{"name":"net","status":"mocked"},{"name":"google-gax","status":"mocked"}]
[debug] [2020-05-02T07:55:42.493Z] [runtime-status] Checked functions.config() {"config":{"gmail":{"pass":"oxzxnbacnvxkrrnw","login":"noreply.dpalyov@gmail.com"},"github":{"key":"48e988f653d2a3e8fa678b829f38c037585c7f1a"}}}
[debug] [2020-05-02T07:55:42.494Z] [runtime-status] Resolved module firebase-functions {"declared":true,"installed":true,"version":"3.3.0","resolution":"C:\\Users\\snix\\source\\repos\\Web-portfolio\\functions\\node_modules\\firebase-functions\\lib\\index.js"}
[debug] [2020-05-02T07:55:42.496Z] [runtime-status] Resolved module firebase-admin {"declared":true,"installed":true,"version":"8.7.0","resolution":"C:\\Users\\snix\\source\\repos\\Web-portfolio\\functions\\node_modules\\firebase-admin\\lib\\index.js"}
[debug] [2020-05-02T07:55:42.551Z] [runtime-status] firebase-admin has been stubbed. {"adminResolution":{"declared":true,"installed":true,"version":"8.7.0","resolution":"C:\\Users\\snix\\source\\repos\\Web-portfolio\\functions\\node_modules\\firebase-admin\\lib\\index.js"}}
[debug] [2020-05-02T07:55:42.774Z] [runtime-status] initializeApp(DEFAULT) {"databaseURL":"https://online-cv-476e2.firebaseio.com","storageBucket":"online-cv-476e2.appspot.com","projectId":"online-cv-476e2"}
[warn] !  functions: Could not find trigger "app" in your functions directory.
[warn] !  Your function was killed because it raised an unhandled error.
[debug] [2020-05-02T07:56:26.632Z] File C:\Users\snix\source\repos\Web-portfolio\functions\index.js changed, reloading triggers
[debug] [2020-05-02T07:56:28.187Z] [runtime-status] Functions runtime initialized. {"cwd":"C:\\Users\\snix\\source\\repos\\Web-portfolio\\functions","node_version":"12.13.0"}
[debug] [2020-05-02T07:56:28.187Z] [runtime-status] Disabled runtime features: undefined {}
[debug] [2020-05-02T07:56:28.191Z] [runtime-status] Resolved module firebase-admin {"declared":true,"installed":true,"version":"8.7.0","resolution":"C:\\Users\\snix\\source\\repos\\Web-portfolio\\functions\\node_modules\\firebase-admin\\lib\\index.js"}
[debug] [2020-05-02T07:56:28.193Z] [runtime-status] Resolved module firebase-functions {"declared":true,"installed":true,"version":"3.3.0","resolution":"C:\\Users\\snix\\source\\repos\\Web-portfolio\\functions\\node_modules\\firebase-functions\\lib\\index.js"}
[debug] [2020-05-02T07:56:28.598Z] [runtime-status] Found google-gax at C:\Users\snix\source\repos\Web-portfolio\functions\node_modules\google-gax\build\src\index.js {}
[debug] [2020-05-02T07:56:28.598Z] [runtime-status] Outgoing network have been stubbed. [{"name":"http","status":"mocked"},{"name":"http","status":"mocked"},{"name":"https","status":"mocked"},{"name":"https","status":"mocked"},{"name":"net","status":"mocked"},{"name":"google-gax","status":"mocked"}]
[debug] [2020-05-02T07:56:28.659Z] [runtime-status] Checked functions.config() {"config":{"gmail":{"pass":"oxzxnbacnvxkrrnw","login":"noreply.dpalyov@gmail.com"},"github":{"key":"48e988f653d2a3e8fa678b829f38c037585c7f1a"}}}
[debug] [2020-05-02T07:56:28.660Z] [runtime-status] Resolved module firebase-functions {"declared":true,"installed":true,"version":"3.3.0","resolution":"C:\\Users\\snix\\source\\repos\\Web-portfolio\\functions\\node_modules\\firebase-functions\\lib\\index.js"}
[debug] [2020-05-02T07:56:28.662Z] [runtime-status] Resolved module firebase-admin {"declared":true,"installed":true,"version":"8.7.0","resolution":"C:\\Users\\snix\\source\\repos\\Web-portfolio\\functions\\node_modules\\firebase-admin\\lib\\index.js"}
[debug] [2020-05-02T07:56:28.718Z] [runtime-status] firebase-admin has been stubbed. {"adminResolution":{"declared":true,"installed":true,"version":"8.7.0","resolution":"C:\\Users\\snix\\source\\repos\\Web-portfolio\\functions\\node_modules\\firebase-admin\\lib\\index.js"}}
[debug] [2020-05-02T07:56:28.963Z] [runtime-status] initializeApp(DEFAULT) {"databaseURL":"https://online-cv-476e2.firebaseio.com","storageBucket":"online-cv-476e2.appspot.com","projectId":"online-cv-476e2"}
[info] +  functions[api]: http function initialized (http://localhost:5001/online-cv-476e2/us-central1/api).
[debug] [2020-05-02T07:56:45.512Z] Accepted request GET /online-cv-476e2/us-central1/api/githubRepos/dpalyov --> api
[debug] [2020-05-02T07:56:45.942Z] [runtime-status] Functions runtime initialized. {"cwd":"C:\\Users\\snix\\source\\repos\\Web-portfolio\\functions","node_version":"12.13.0"}
[info] i  functions: Beginning execution of "api"
[debug] [2020-05-02T07:56:45.943Z] [runtime-status] Disabled runtime features: undefined {}
[debug] [2020-05-02T07:56:45.947Z] [runtime-status] Resolved module firebase-admin {"declared":true,"installed":true,"version":"8.7.0","resolution":"C:\\Users\\snix\\source\\repos\\Web-portfolio\\functions\\node_modules\\firebase-admin\\lib\\index.js"}
[debug] [2020-05-02T07:56:45.949Z] [runtime-status] Resolved module firebase-functions {"declared":true,"installed":true,"version":"3.3.0","resolution":"C:\\Users\\snix\\source\\repos\\Web-portfolio\\functions\\node_modules\\firebase-functions\\lib\\index.js"}
[debug] [2020-05-02T07:56:46.302Z] [runtime-status] Found google-gax at C:\Users\snix\source\repos\Web-portfolio\functions\node_modules\google-gax\build\src\index.js {}
[debug] [2020-05-02T07:56:46.302Z] [runtime-status] Outgoing network have been stubbed. [{"name":"http","status":"mocked"},{"name":"http","status":"mocked"},{"name":"https","status":"mocked"},{"name":"https","status":"mocked"},{"name":"net","status":"mocked"},{"name":"google-gax","status":"mocked"}]
[debug] [2020-05-02T07:56:46.361Z] [runtime-status] Checked functions.config() {"config":{"gmail":{"pass":"oxzxnbacnvxkrrnw","login":"noreply.dpalyov@gmail.com"},"github":{"key":"48e988f653d2a3e8fa678b829f38c037585c7f1a"}}}
[debug] [2020-05-02T07:56:46.362Z] [runtime-status] Resolved module firebase-functions {"declared":true,"installed":true,"version":"3.3.0","resolution":"C:\\Users\\snix\\source\\repos\\Web-portfolio\\functions\\node_modules\\firebase-functions\\lib\\index.js"}
[debug] [2020-05-02T07:56:46.364Z] [runtime-status] Resolved module firebase-admin {"declared":true,"installed":true,"version":"8.7.0","resolution":"C:\\Users\\snix\\source\\repos\\Web-portfolio\\functions\\node_modules\\firebase-admin\\lib\\index.js"}
[debug] [2020-05-02T07:56:46.421Z] [runtime-status] firebase-admin has been stubbed. {"adminResolution":{"declared":true,"installed":true,"version":"8.7.0","resolution":"C:\\Users\\snix\\source\\repos\\Web-portfolio\\functions\\node_modules\\firebase-admin\\lib\\index.js"}}
[debug] [2020-05-02T07:56:46.634Z] [runtime-status] initializeApp(DEFAULT) {"databaseURL":"https://online-cv-476e2.firebaseio.com","storageBucket":"online-cv-476e2.appspot.com","projectId":"online-cv-476e2"}
[debug] [2020-05-02T07:56:46.706Z] [runtime-status] Trigger "api" has been found, beginning invocation! {}
[debug] [2020-05-02T07:56:46.706Z] [runtime-status]  {"httpsTrigger":{},"name":"api","entryPoint":"api"}
[debug] [2020-05-02T07:56:46.706Z] [runtime-status] Running api in mode HTTPS {}
[debug] [2020-05-02T07:56:46.712Z] {"socketPath":"\\\\?\\pipe\\C:\\Users\\snix\\source\\repos\\Web-portfolio\\functions\\21792"}
[debug] [2020-05-02T07:56:46.713Z] [functions] Runtime ready! Sending request! {"socketPath":"\\\\?\\pipe\\C:\\Users\\snix\\source\\repos\\Web-portfolio\\functions\\21792"}
[debug] [2020-05-02T07:56:46.721Z] [runtime-status] Ephemeral server used! {}
[debug] [2020-05-02T07:56:46.723Z] [runtime-status] config() parent accessed! {"parentKey":"github","parentConfig":{"gmail":{"pass":"oxzxnbacnvxkrrnw","login":"noreply.dpalyov@gmail.com"},"github":{"key":"48e988f653d2a3e8fa678b829f38c037585c7f1a"}}}
[warn] !  Unknown network resource requested!
   - URL: "https://api.github.com/graphql"
[debug] [2020-05-02T07:56:46.747Z] [runtime-status] Ephemeral server survived. {}
[info] i  functions: Finished "api" in ~1s
[debug] [2020-05-02T07:59:05.017Z] File C:\Users\snix\source\repos\Web-portfolio\functions\index.js changed, reloading triggers
[debug] [2020-05-02T07:59:06.528Z] [runtime-status] Functions runtime initialized. {"cwd":"C:\\Users\\snix\\source\\repos\\Web-portfolio\\functions","node_version":"12.13.0"}
[debug] [2020-05-02T07:59:06.528Z] [runtime-status] Disabled runtime features: undefined {}
[debug] [2020-05-02T07:59:06.533Z] [runtime-status] Resolved module firebase-admin {"declared":true,"installed":true,"version":"8.7.0","resolution":"C:\\Users\\snix\\source\\repos\\Web-portfolio\\functions\\node_modules\\firebase-admin\\lib\\index.js"}
[debug] [2020-05-02T07:59:06.536Z] [runtime-status] Resolved module firebase-functions {"declared":true,"installed":true,"version":"3.3.0","resolution":"C:\\Users\\snix\\source\\repos\\Web-portfolio\\functions\\node_modules\\firebase-functions\\lib\\index.js"}
[debug] [2020-05-02T07:59:06.946Z] [runtime-status] Found google-gax at C:\Users\snix\source\repos\Web-portfolio\functions\node_modules\google-gax\build\src\index.js {}
[debug] [2020-05-02T07:59:06.946Z] [runtime-status] Outgoing network have been stubbed. [{"name":"http","status":"mocked"},{"name":"http","status":"mocked"},{"name":"https","status":"mocked"},{"name":"https","status":"mocked"},{"name":"net","status":"mocked"},{"name":"google-gax","status":"mocked"}]
[debug] [2020-05-02T07:59:07.008Z] [runtime-status] Checked functions.config() {"config":{"gmail":{"pass":"oxzxnbacnvxkrrnw","login":"noreply.dpalyov@gmail.com"},"github":{"key":"48e988f653d2a3e8fa678b829f38c037585c7f1a"}}}
[debug] [2020-05-02T07:59:07.009Z] [runtime-status] Resolved module firebase-functions {"declared":true,"installed":true,"version":"3.3.0","resolution":"C:\\Users\\snix\\source\\repos\\Web-portfolio\\functions\\node_modules\\firebase-functions\\lib\\index.js"}
[debug] [2020-05-02T07:59:07.010Z] [runtime-status] Resolved module firebase-admin {"declared":true,"installed":true,"version":"8.7.0","resolution":"C:\\Users\\snix\\source\\repos\\Web-portfolio\\functions\\node_modules\\firebase-admin\\lib\\index.js"}
[debug] [2020-05-02T07:59:07.072Z] [runtime-status] firebase-admin has been stubbed. {"adminResolution":{"declared":true,"installed":true,"version":"8.7.0","resolution":"C:\\Users\\snix\\source\\repos\\Web-portfolio\\functions\\node_modules\\firebase-admin\\lib\\index.js"}}
[debug] [2020-05-02T07:59:07.305Z] [runtime-status] initializeApp(DEFAULT) {"databaseURL":"https://online-cv-476e2.firebaseio.com","storageBucket":"online-cv-476e2.appspot.com","projectId":"online-cv-476e2"}
[debug] [2020-05-02T07:59:07.452Z] File C:\Users\snix\source\repos\Web-portfolio\functions\index.js changed, reloading triggers
[debug] [2020-05-02T07:59:08.840Z] [runtime-status] Functions runtime initialized. {"cwd":"C:\\Users\\snix\\source\\repos\\Web-portfolio\\functions","node_version":"12.13.0"}
[debug] [2020-05-02T07:59:08.840Z] [runtime-status] Disabled runtime features: undefined {}
[debug] [2020-05-02T07:59:08.844Z] [runtime-status] Resolved module firebase-admin {"declared":true,"installed":true,"version":"8.7.0","resolution":"C:\\Users\\snix\\source\\repos\\Web-portfolio\\functions\\node_modules\\firebase-admin\\lib\\index.js"}
[debug] [2020-05-02T07:59:08.847Z] [runtime-status] Resolved module firebase-functions {"declared":true,"installed":true,"version":"3.3.0","resolution":"C:\\Users\\snix\\source\\repos\\Web-portfolio\\functions\\node_modules\\firebase-functions\\lib\\index.js"}
[debug] [2020-05-02T07:59:09.186Z] [runtime-status] Found google-gax at C:\Users\snix\source\repos\Web-portfolio\functions\node_modules\google-gax\build\src\index.js {}
[debug] [2020-05-02T07:59:09.186Z] [runtime-status] Outgoing network have been stubbed. [{"name":"http","status":"mocked"},{"name":"http","status":"mocked"},{"name":"https","status":"mocked"},{"name":"https","status":"mocked"},{"name":"net","status":"mocked"},{"name":"google-gax","status":"mocked"}]
[debug] [2020-05-02T07:59:09.244Z] [runtime-status] Checked functions.config() {"config":{"gmail":{"pass":"oxzxnbacnvxkrrnw","login":"noreply.dpalyov@gmail.com"},"github":{"key":"48e988f653d2a3e8fa678b829f38c037585c7f1a"}}}
[debug] [2020-05-02T07:59:09.245Z] [runtime-status] Resolved module firebase-functions {"declared":true,"installed":true,"version":"3.3.0","resolution":"C:\\Users\\snix\\source\\repos\\Web-portfolio\\functions\\node_modules\\firebase-functions\\lib\\index.js"}
[debug] [2020-05-02T07:59:09.246Z] [runtime-status] Resolved module firebase-admin {"declared":true,"installed":true,"version":"8.7.0","resolution":"C:\\Users\\snix\\source\\repos\\Web-portfolio\\functions\\node_modules\\firebase-admin\\lib\\index.js"}
[debug] [2020-05-02T07:59:09.298Z] [runtime-status] firebase-admin has been stubbed. {"adminResolution":{"declared":true,"installed":true,"version":"8.7.0","resolution":"C:\\Users\\snix\\source\\repos\\Web-portfolio\\functions\\node_modules\\firebase-admin\\lib\\index.js"}}
[debug] [2020-05-02T07:59:09.500Z] [runtime-status] initializeApp(DEFAULT) {"databaseURL":"https://online-cv-476e2.firebaseio.com","storageBucket":"online-cv-476e2.appspot.com","projectId":"online-cv-476e2"}
[debug] [2020-05-02T07:59:27.475Z] Accepted request GET /online-cv-476e2/us-central1/api/githubRepos?username=dpalyov&numRepos=4 --> api
[debug] [2020-05-02T07:59:27.890Z] [runtime-status] Functions runtime initialized. {"cwd":"C:\\Users\\snix\\source\\repos\\Web-portfolio\\functions","node_version":"12.13.0"}
[info] i  functions: Beginning execution of "api"
[debug] [2020-05-02T07:59:27.891Z] [runtime-status] Disabled runtime features: undefined {}
[debug] [2020-05-02T07:59:27.894Z] [runtime-status] Resolved module firebase-admin {"declared":true,"installed":true,"version":"8.7.0","resolution":"C:\\Users\\snix\\source\\repos\\Web-portfolio\\functions\\node_modules\\firebase-admin\\lib\\index.js"}
[debug] [2020-05-02T07:59:27.896Z] [runtime-status] Resolved module firebase-functions {"declared":true,"installed":true,"version":"3.3.0","resolution":"C:\\Users\\snix\\source\\repos\\Web-portfolio\\functions\\node_modules\\firebase-functions\\lib\\index.js"}
[debug] [2020-05-02T07:59:28.258Z] [runtime-status] Found google-gax at C:\Users\snix\source\repos\Web-portfolio\functions\node_modules\google-gax\build\src\index.js {}
[debug] [2020-05-02T07:59:28.258Z] [runtime-status] Outgoing network have been stubbed. [{"name":"http","status":"mocked"},{"name":"http","status":"mocked"},{"name":"https","status":"mocked"},{"name":"https","status":"mocked"},{"name":"net","status":"mocked"},{"name":"google-gax","status":"mocked"}]
[debug] [2020-05-02T07:59:28.318Z] [runtime-status] Checked functions.config() {"config":{"gmail":{"pass":"oxzxnbacnvxkrrnw","login":"noreply.dpalyov@gmail.com"},"github":{"key":"48e988f653d2a3e8fa678b829f38c037585c7f1a"}}}
[debug] [2020-05-02T07:59:28.318Z] [runtime-status] Resolved module firebase-functions {"declared":true,"installed":true,"version":"3.3.0","resolution":"C:\\Users\\snix\\source\\repos\\Web-portfolio\\functions\\node_modules\\firebase-functions\\lib\\index.js"}
[debug] [2020-05-02T07:59:28.320Z] [runtime-status] Resolved module firebase-admin {"declared":true,"installed":true,"version":"8.7.0","resolution":"C:\\Users\\snix\\source\\repos\\Web-portfolio\\functions\\node_modules\\firebase-admin\\lib\\index.js"}
[debug] [2020-05-02T07:59:28.374Z] [runtime-status] firebase-admin has been stubbed. {"adminResolution":{"declared":true,"installed":true,"version":"8.7.0","resolution":"C:\\Users\\snix\\source\\repos\\Web-portfolio\\functions\\node_modules\\firebase-admin\\lib\\index.js"}}
[debug] [2020-05-02T07:59:28.590Z] [runtime-status] initializeApp(DEFAULT) {"databaseURL":"https://online-cv-476e2.firebaseio.com","storageBucket":"online-cv-476e2.appspot.com","projectId":"online-cv-476e2"}
[debug] [2020-05-02T07:59:28.660Z] [runtime-status] Trigger "api" has been found, beginning invocation! {}
[debug] [2020-05-02T07:59:28.660Z] [runtime-status]  {"httpsTrigger":{},"name":"api","entryPoint":"api"}
[debug] [2020-05-02T07:59:28.660Z] [runtime-status] Running api in mode HTTPS {}
[debug] [2020-05-02T07:59:28.665Z] {"socketPath":"\\\\?\\pipe\\C:\\Users\\snix\\source\\repos\\Web-portfolio\\functions\\9052"}
[debug] [2020-05-02T07:59:28.666Z] [functions] Runtime ready! Sending request! {"socketPath":"\\\\?\\pipe\\C:\\Users\\snix\\source\\repos\\Web-portfolio\\functions\\9052"}
[debug] [2020-05-02T07:59:28.673Z] [runtime-status] Ephemeral server used! {}
[debug] [2020-05-02T07:59:28.676Z] [runtime-status] config() parent accessed! {"parentKey":"github","parentConfig":{"gmail":{"pass":"oxzxnbacnvxkrrnw","login":"noreply.dpalyov@gmail.com"},"github":{"key":"48e988f653d2a3e8fa678b829f38c037585c7f1a"}}}
[warn] !  Unknown network resource requested!
   - URL: "https://api.github.com/graphql"
[debug] [2020-05-02T07:59:28.697Z] [runtime-status] Ephemeral server survived. {}
[info] i  functions: Finished "api" in ~1s
[debug] [2020-05-02T07:59:58.858Z] File C:\Users\snix\source\repos\Web-portfolio\functions\index.js changed, reloading triggers
[debug] [2020-05-02T08:00:00.403Z] [runtime-status] Functions runtime initialized. {"cwd":"C:\\Users\\snix\\source\\repos\\Web-portfolio\\functions","node_version":"12.13.0"}
[debug] [2020-05-02T08:00:00.403Z] [runtime-status] Disabled runtime features: undefined {}
[debug] [2020-05-02T08:00:00.408Z] [runtime-status] Resolved module firebase-admin {"declared":true,"installed":true,"version":"8.7.0","resolution":"C:\\Users\\snix\\source\\repos\\Web-portfolio\\functions\\node_modules\\firebase-admin\\lib\\index.js"}
[debug] [2020-05-02T08:00:00.411Z] [runtime-status] Resolved module firebase-functions {"declared":true,"installed":true,"version":"3.3.0","resolution":"C:\\Users\\snix\\source\\repos\\Web-portfolio\\functions\\node_modules\\firebase-functions\\lib\\index.js"}
[debug] [2020-05-02T08:00:00.955Z] [runtime-status] Found google-gax at C:\Users\snix\source\repos\Web-portfolio\functions\node_modules\google-gax\build\src\index.js {}
[debug] [2020-05-02T08:00:00.956Z] [runtime-status] Outgoing network have been stubbed. [{"name":"http","status":"mocked"},{"name":"http","status":"mocked"},{"name":"https","status":"mocked"},{"name":"https","status":"mocked"},{"name":"net","status":"mocked"},{"name":"google-gax","status":"mocked"}]
[debug] [2020-05-02T08:00:01.016Z] [runtime-status] Checked functions.config() {"config":{"gmail":{"pass":"oxzxnbacnvxkrrnw","login":"noreply.dpalyov@gmail.com"},"github":{"key":"48e988f653d2a3e8fa678b829f38c037585c7f1a"}}}
[debug] [2020-05-02T08:00:01.017Z] [runtime-status] Resolved module firebase-functions {"declared":true,"installed":true,"version":"3.3.0","resolution":"C:\\Users\\snix\\source\\repos\\Web-portfolio\\functions\\node_modules\\firebase-functions\\lib\\index.js"}
[debug] [2020-05-02T08:00:01.019Z] [runtime-status] Resolved module firebase-admin {"declared":true,"installed":true,"version":"8.7.0","resolution":"C:\\Users\\snix\\source\\repos\\Web-portfolio\\functions\\node_modules\\firebase-admin\\lib\\index.js"}
[debug] [2020-05-02T08:00:01.077Z] [runtime-status] firebase-admin has been stubbed. {"adminResolution":{"declared":true,"installed":true,"version":"8.7.0","resolution":"C:\\Users\\snix\\source\\repos\\Web-portfolio\\functions\\node_modules\\firebase-admin\\lib\\index.js"}}
[debug] [2020-05-02T08:00:01.354Z] [runtime-status] initializeApp(DEFAULT) {"databaseURL":"https://online-cv-476e2.firebaseio.com","storageBucket":"online-cv-476e2.appspot.com","projectId":"online-cv-476e2"}
[debug] [2020-05-02T08:00:03.042Z] Accepted request GET /online-cv-476e2/us-central1/api/githubRepos?username=dpalyov&numRepos=4 --> api
[debug] [2020-05-02T08:00:03.443Z] [runtime-status] Functions runtime initialized. {"cwd":"C:\\Users\\snix\\source\\repos\\Web-portfolio\\functions","node_version":"12.13.0"}
[info] i  functions: Beginning execution of "api"
[debug] [2020-05-02T08:00:03.444Z] [runtime-status] Disabled runtime features: undefined {}
[debug] [2020-05-02T08:00:03.447Z] [runtime-status] Resolved module firebase-admin {"declared":true,"installed":true,"version":"8.7.0","resolution":"C:\\Users\\snix\\source\\repos\\Web-portfolio\\functions\\node_modules\\firebase-admin\\lib\\index.js"}
[debug] [2020-05-02T08:00:03.449Z] [runtime-status] Resolved module firebase-functions {"declared":true,"installed":true,"version":"3.3.0","resolution":"C:\\Users\\snix\\source\\repos\\Web-portfolio\\functions\\node_modules\\firebase-functions\\lib\\index.js"}
[debug] [2020-05-02T08:00:03.802Z] [runtime-status] Found google-gax at C:\Users\snix\source\repos\Web-portfolio\functions\node_modules\google-gax\build\src\index.js {}
[debug] [2020-05-02T08:00:03.802Z] [runtime-status] Outgoing network have been stubbed. [{"name":"http","status":"mocked"},{"name":"http","status":"mocked"},{"name":"https","status":"mocked"},{"name":"https","status":"mocked"},{"name":"net","status":"mocked"},{"name":"google-gax","status":"mocked"}]
[debug] [2020-05-02T08:00:03.862Z] [runtime-status] Checked functions.config() {"config":{"gmail":{"pass":"oxzxnbacnvxkrrnw","login":"noreply.dpalyov@gmail.com"},"github":{"key":"48e988f653d2a3e8fa678b829f38c037585c7f1a"}}}
[debug] [2020-05-02T08:00:03.863Z] [runtime-status] Resolved module firebase-functions {"declared":true,"installed":true,"version":"3.3.0","resolution":"C:\\Users\\snix\\source\\repos\\Web-portfolio\\functions\\node_modules\\firebase-functions\\lib\\index.js"}
[debug] [2020-05-02T08:00:03.865Z] [runtime-status] Resolved module firebase-admin {"declared":true,"installed":true,"version":"8.7.0","resolution":"C:\\Users\\snix\\source\\repos\\Web-portfolio\\functions\\node_modules\\firebase-admin\\lib\\index.js"}
[debug] [2020-05-02T08:00:03.938Z] [runtime-status] firebase-admin has been stubbed. {"adminResolution":{"declared":true,"installed":true,"version":"8.7.0","resolution":"C:\\Users\\snix\\source\\repos\\Web-portfolio\\functions\\node_modules\\firebase-admin\\lib\\index.js"}}
[debug] [2020-05-02T08:00:04.165Z] [runtime-status] initializeApp(DEFAULT) {"databaseURL":"https://online-cv-476e2.firebaseio.com","storageBucket":"online-cv-476e2.appspot.com","projectId":"online-cv-476e2"}
[debug] [2020-05-02T08:00:04.234Z] [runtime-status] Trigger "api" has been found, beginning invocation! {}
[debug] [2020-05-02T08:00:04.234Z] [runtime-status]  {"httpsTrigger":{},"name":"api","entryPoint":"api"}
[debug] [2020-05-02T08:00:04.234Z] [runtime-status] Running api in mode HTTPS {}
[debug] [2020-05-02T08:00:04.240Z] {"socketPath":"\\\\?\\pipe\\C:\\Users\\snix\\source\\repos\\Web-portfolio\\functions\\26596"}
[debug] [2020-05-02T08:00:04.241Z] [functions] Runtime ready! Sending request! {"socketPath":"\\\\?\\pipe\\C:\\Users\\snix\\source\\repos\\Web-portfolio\\functions\\26596"}
[debug] [2020-05-02T08:00:04.247Z] [runtime-status] Ephemeral server used! {}
[debug] [2020-05-02T08:00:04.250Z] [runtime-status] config() parent accessed! {"parentKey":"github","parentConfig":{"gmail":{"pass":"oxzxnbacnvxkrrnw","login":"noreply.dpalyov@gmail.com"},"github":{"key":"48e988f653d2a3e8fa678b829f38c037585c7f1a"}}}
[warn] !  Unknown network resource requested!
   - URL: "https://api.github.com/graphql"
[debug] [2020-05-02T08:00:04.273Z] [runtime-status] Ephemeral server survived. {}
[info] i  functions: Finished "api" in ~1s
[debug] [2020-05-02T08:24:07.013Z] File C:\Users\snix\source\repos\Web-portfolio\functions\middlewares\errorHandler.js changed, reloading triggers
[debug] [2020-05-02T08:24:08.495Z] [runtime-status] Functions runtime initialized. {"cwd":"C:\\Users\\snix\\source\\repos\\Web-portfolio\\functions","node_version":"12.13.0"}
[debug] [2020-05-02T08:24:08.495Z] [runtime-status] Disabled runtime features: undefined {}
[debug] [2020-05-02T08:24:08.499Z] [runtime-status] Resolved module firebase-admin {"declared":true,"installed":true,"version":"8.7.0","resolution":"C:\\Users\\snix\\source\\repos\\Web-portfolio\\functions\\node_modules\\firebase-admin\\lib\\index.js"}
[debug] [2020-05-02T08:24:08.502Z] [runtime-status] Resolved module firebase-functions {"declared":true,"installed":true,"version":"3.3.0","resolution":"C:\\Users\\snix\\source\\repos\\Web-portfolio\\functions\\node_modules\\firebase-functions\\lib\\index.js"}
[debug] [2020-05-02T08:24:08.847Z] [runtime-status] Found google-gax at C:\Users\snix\source\repos\Web-portfolio\functions\node_modules\google-gax\build\src\index.js {}
[debug] [2020-05-02T08:24:08.849Z] [runtime-status] Outgoing network have been stubbed. [{"name":"http","status":"mocked"},{"name":"http","status":"mocked"},{"name":"https","status":"mocked"},{"name":"https","status":"mocked"},{"name":"net","status":"mocked"},{"name":"google-gax","status":"mocked"}]
[debug] [2020-05-02T08:24:08.909Z] [runtime-status] Checked functions.config() {"config":{"gmail":{"pass":"oxzxnbacnvxkrrnw","login":"noreply.dpalyov@gmail.com"},"github":{"key":"48e988f653d2a3e8fa678b829f38c037585c7f1a"}}}
[debug] [2020-05-02T08:24:08.910Z] [runtime-status] Resolved module firebase-functions {"declared":true,"installed":true,"version":"3.3.0","resolution":"C:\\Users\\snix\\source\\repos\\Web-portfolio\\functions\\node_modules\\firebase-functions\\lib\\index.js"}
[debug] [2020-05-02T08:24:08.912Z] [runtime-status] Resolved module firebase-admin {"declared":true,"installed":true,"version":"8.7.0","resolution":"C:\\Users\\snix\\source\\repos\\Web-portfolio\\functions\\node_modules\\firebase-admin\\lib\\index.js"}
[debug] [2020-05-02T08:24:08.969Z] [runtime-status] firebase-admin has been stubbed. {"adminResolution":{"declared":true,"installed":true,"version":"8.7.0","resolution":"C:\\Users\\snix\\source\\repos\\Web-portfolio\\functions\\node_modules\\firebase-admin\\lib\\index.js"}}
[debug] [2020-05-02T08:24:09.258Z] [runtime-status] initializeApp(DEFAULT) {"databaseURL":"https://online-cv-476e2.firebaseio.com","storageBucket":"online-cv-476e2.appspot.com","projectId":"online-cv-476e2"}
[debug] [2020-05-02T08:24:41.715Z] File C:\Users\snix\source\repos\Web-portfolio\functions\middlewares\errorHandler.js changed, reloading triggers
[debug] [2020-05-02T08:24:43.244Z] [runtime-status] Functions runtime initialized. {"cwd":"C:\\Users\\snix\\source\\repos\\Web-portfolio\\functions","node_version":"12.13.0"}
[debug] [2020-05-02T08:24:43.244Z] [runtime-status] Disabled runtime features: undefined {}
[debug] [2020-05-02T08:24:43.249Z] [runtime-status] Resolved module firebase-admin {"declared":true,"installed":true,"version":"8.7.0","resolution":"C:\\Users\\snix\\source\\repos\\Web-portfolio\\functions\\node_modules\\firebase-admin\\lib\\index.js"}
[debug] [2020-05-02T08:24:43.252Z] [runtime-status] Resolved module firebase-functions {"declared":true,"installed":true,"version":"3.3.0","resolution":"C:\\Users\\snix\\source\\repos\\Web-portfolio\\functions\\node_modules\\firebase-functions\\lib\\index.js"}
[debug] [2020-05-02T08:24:43.647Z] [runtime-status] Found google-gax at C:\Users\snix\source\repos\Web-portfolio\functions\node_modules\google-gax\build\src\index.js {}
[debug] [2020-05-02T08:24:43.648Z] [runtime-status] Outgoing network have been stubbed. [{"name":"http","status":"mocked"},{"name":"http","status":"mocked"},{"name":"https","status":"mocked"},{"name":"https","status":"mocked"},{"name":"net","status":"mocked"},{"name":"google-gax","status":"mocked"}]
[debug] [2020-05-02T08:24:43.736Z] [runtime-status] Checked functions.config() {"config":{"gmail":{"pass":"oxzxnbacnvxkrrnw","login":"noreply.dpalyov@gmail.com"},"github":{"key":"48e988f653d2a3e8fa678b829f38c037585c7f1a"}}}
[debug] [2020-05-02T08:24:43.738Z] [runtime-status] Resolved module firebase-functions {"declared":true,"installed":true,"version":"3.3.0","resolution":"C:\\Users\\snix\\source\\repos\\Web-portfolio\\functions\\node_modules\\firebase-functions\\lib\\index.js"}
[debug] [2020-05-02T08:24:43.741Z] [runtime-status] Resolved module firebase-admin {"declared":true,"installed":true,"version":"8.7.0","resolution":"C:\\Users\\snix\\source\\repos\\Web-portfolio\\functions\\node_modules\\firebase-admin\\lib\\index.js"}
[debug] [2020-05-02T08:24:43.809Z] [runtime-status] firebase-admin has been stubbed. {"adminResolution":{"declared":true,"installed":true,"version":"8.7.0","resolution":"C:\\Users\\snix\\source\\repos\\Web-portfolio\\functions\\node_modules\\firebase-admin\\lib\\index.js"}}
[debug] [2020-05-02T08:24:44.031Z] [runtime-status] initializeApp(DEFAULT) {"databaseURL":"https://online-cv-476e2.firebaseio.com","storageBucket":"online-cv-476e2.appspot.com","projectId":"online-cv-476e2"}
[debug] [2020-05-02T08:25:28.144Z] File C:\Users\snix\source\repos\Web-portfolio\functions\middlewares\errorHandler.js changed, reloading triggers
[debug] [2020-05-02T08:25:29.737Z] [runtime-status] Functions runtime initialized. {"cwd":"C:\\Users\\snix\\source\\repos\\Web-portfolio\\functions","node_version":"12.13.0"}
[debug] [2020-05-02T08:25:29.737Z] [runtime-status] Disabled runtime features: undefined {}
[debug] [2020-05-02T08:25:29.743Z] [runtime-status] Resolved module firebase-admin {"declared":true,"installed":true,"version":"8.7.0","resolution":"C:\\Users\\snix\\source\\repos\\Web-portfolio\\functions\\node_modules\\firebase-admin\\lib\\index.js"}
[debug] [2020-05-02T08:25:29.746Z] [runtime-status] Resolved module firebase-functions {"declared":true,"installed":true,"version":"3.3.0","resolution":"C:\\Users\\snix\\source\\repos\\Web-portfolio\\functions\\node_modules\\firebase-functions\\lib\\index.js"}
[debug] [2020-05-02T08:25:30.223Z] [runtime-status] Found google-gax at C:\Users\snix\source\repos\Web-portfolio\functions\node_modules\google-gax\build\src\index.js {}
[debug] [2020-05-02T08:25:30.223Z] [runtime-status] Outgoing network have been stubbed. [{"name":"http","status":"mocked"},{"name":"http","status":"mocked"},{"name":"https","status":"mocked"},{"name":"https","status":"mocked"},{"name":"net","status":"mocked"},{"name":"google-gax","status":"mocked"}]
[debug] [2020-05-02T08:25:30.279Z] [runtime-status] Checked functions.config() {"config":{"gmail":{"pass":"oxzxnbacnvxkrrnw","login":"noreply.dpalyov@gmail.com"},"github":{"key":"48e988f653d2a3e8fa678b829f38c037585c7f1a"}}}
[debug] [2020-05-02T08:25:30.280Z] [runtime-status] Resolved module firebase-functions {"declared":true,"installed":true,"version":"3.3.0","resolution":"C:\\Users\\snix\\source\\repos\\Web-portfolio\\functions\\node_modules\\firebase-functions\\lib\\index.js"}
[debug] [2020-05-02T08:25:30.282Z] [runtime-status] Resolved module firebase-admin {"declared":true,"installed":true,"version":"8.7.0","resolution":"C:\\Users\\snix\\source\\repos\\Web-portfolio\\functions\\node_modules\\firebase-admin\\lib\\index.js"}
[debug] [2020-05-02T08:25:30.338Z] [runtime-status] firebase-admin has been stubbed. {"adminResolution":{"declared":true,"installed":true,"version":"8.7.0","resolution":"C:\\Users\\snix\\source\\repos\\Web-portfolio\\functions\\node_modules\\firebase-admin\\lib\\index.js"}}
[debug] [2020-05-02T08:25:30.565Z] [runtime-status] initializeApp(DEFAULT) {"databaseURL":"https://online-cv-476e2.firebaseio.com","storageBucket":"online-cv-476e2.appspot.com","projectId":"online-cv-476e2"}
[debug] [2020-05-02T08:26:28.205Z] File C:\Users\snix\source\repos\Web-portfolio\functions\index.js changed, reloading triggers
[debug] [2020-05-02T08:26:29.665Z] [runtime-status] Functions runtime initialized. {"cwd":"C:\\Users\\snix\\source\\repos\\Web-portfolio\\functions","node_version":"12.13.0"}
[debug] [2020-05-02T08:26:29.665Z] [runtime-status] Disabled runtime features: undefined {}
[debug] [2020-05-02T08:26:29.669Z] [runtime-status] Resolved module firebase-admin {"declared":true,"installed":true,"version":"8.7.0","resolution":"C:\\Users\\snix\\source\\repos\\Web-portfolio\\functions\\node_modules\\firebase-admin\\lib\\index.js"}
[debug] [2020-05-02T08:26:29.672Z] [runtime-status] Resolved module firebase-functions {"declared":true,"installed":true,"version":"3.3.0","resolution":"C:\\Users\\snix\\source\\repos\\Web-portfolio\\functions\\node_modules\\firebase-functions\\lib\\index.js"}
[debug] [2020-05-02T08:26:30.075Z] [runtime-status] Found google-gax at C:\Users\snix\source\repos\Web-portfolio\functions\node_modules\google-gax\build\src\index.js {}
[debug] [2020-05-02T08:26:30.076Z] [runtime-status] Outgoing network have been stubbed. [{"name":"http","status":"mocked"},{"name":"http","status":"mocked"},{"name":"https","status":"mocked"},{"name":"https","status":"mocked"},{"name":"net","status":"mocked"},{"name":"google-gax","status":"mocked"}]
[debug] [2020-05-02T08:26:30.164Z] [runtime-status] Checked functions.config() {"config":{"gmail":{"pass":"oxzxnbacnvxkrrnw","login":"noreply.dpalyov@gmail.com"},"github":{"key":"48e988f653d2a3e8fa678b829f38c037585c7f1a"}}}
[debug] [2020-05-02T08:26:30.166Z] [runtime-status] Resolved module firebase-functions {"declared":true,"installed":true,"version":"3.3.0","resolution":"C:\\Users\\snix\\source\\repos\\Web-portfolio\\functions\\node_modules\\firebase-functions\\lib\\index.js"}
[debug] [2020-05-02T08:26:30.168Z] [runtime-status] Resolved module firebase-admin {"declared":true,"installed":true,"version":"8.7.0","resolution":"C:\\Users\\snix\\source\\repos\\Web-portfolio\\functions\\node_modules\\firebase-admin\\lib\\index.js"}
[debug] [2020-05-02T08:26:30.232Z] [runtime-status] firebase-admin has been stubbed. {"adminResolution":{"declared":true,"installed":true,"version":"8.7.0","resolution":"C:\\Users\\snix\\source\\repos\\Web-portfolio\\functions\\node_modules\\firebase-admin\\lib\\index.js"}}
[debug] [2020-05-02T08:26:30.448Z] [runtime-status] initializeApp(DEFAULT) {"databaseURL":"https://online-cv-476e2.firebaseio.com","storageBucket":"online-cv-476e2.appspot.com","projectId":"online-cv-476e2"}
[debug] [2020-05-02T08:26:51.949Z] File C:\Users\snix\source\repos\Web-portfolio\functions\middlewares\errorHandler.js changed, reloading triggers
[debug] [2020-05-02T08:26:53.742Z] [runtime-status] Functions runtime initialized. {"cwd":"C:\\Users\\snix\\source\\repos\\Web-portfolio\\functions","node_version":"12.13.0"}
[debug] [2020-05-02T08:26:53.743Z] [runtime-status] Disabled runtime features: undefined {}
[debug] [2020-05-02T08:26:53.747Z] [runtime-status] Resolved module firebase-admin {"declared":true,"installed":true,"version":"8.7.0","resolution":"C:\\Users\\snix\\source\\repos\\Web-portfolio\\functions\\node_modules\\firebase-admin\\lib\\index.js"}
[debug] [2020-05-02T08:26:53.750Z] [runtime-status] Resolved module firebase-functions {"declared":true,"installed":true,"version":"3.3.0","resolution":"C:\\Users\\snix\\source\\repos\\Web-portfolio\\functions\\node_modules\\firebase-functions\\lib\\index.js"}
[debug] [2020-05-02T08:26:54.273Z] [runtime-status] Found google-gax at C:\Users\snix\source\repos\Web-portfolio\functions\node_modules\google-gax\build\src\index.js {}
[debug] [2020-05-02T08:26:54.274Z] [runtime-status] Outgoing network have been stubbed. [{"name":"http","status":"mocked"},{"name":"http","status":"mocked"},{"name":"https","status":"mocked"},{"name":"https","status":"mocked"},{"name":"net","status":"mocked"},{"name":"google-gax","status":"mocked"}]
[debug] [2020-05-02T08:26:54.347Z] [runtime-status] Checked functions.config() {"config":{"gmail":{"pass":"oxzxnbacnvxkrrnw","login":"noreply.dpalyov@gmail.com"},"github":{"key":"48e988f653d2a3e8fa678b829f38c037585c7f1a"}}}
[debug] [2020-05-02T08:26:54.348Z] [runtime-status] Resolved module firebase-functions {"declared":true,"installed":true,"version":"3.3.0","resolution":"C:\\Users\\snix\\source\\repos\\Web-portfolio\\functions\\node_modules\\firebase-functions\\lib\\index.js"}
[debug] [2020-05-02T08:26:54.351Z] [runtime-status] Resolved module firebase-admin {"declared":true,"installed":true,"version":"8.7.0","resolution":"C:\\Users\\snix\\source\\repos\\Web-portfolio\\functions\\node_modules\\firebase-admin\\lib\\index.js"}
[debug] [2020-05-02T08:26:54.425Z] [runtime-status] firebase-admin has been stubbed. {"adminResolution":{"declared":true,"installed":true,"version":"8.7.0","resolution":"C:\\Users\\snix\\source\\repos\\Web-portfolio\\functions\\node_modules\\firebase-admin\\lib\\index.js"}}
[debug] [2020-05-02T08:26:54.659Z] [runtime-status] initializeApp(DEFAULT) {"databaseURL":"https://online-cv-476e2.firebaseio.com","storageBucket":"online-cv-476e2.appspot.com","projectId":"online-cv-476e2"}
[debug] [2020-05-02T08:27:00.915Z] Accepted request GET /online-cv-476e2/us-central1/api/githubRepos?username=dpalyov&numRepos=4 --> api
[debug] [2020-05-02T08:27:01.364Z] [runtime-status] Functions runtime initialized. {"cwd":"C:\\Users\\snix\\source\\repos\\Web-portfolio\\functions","node_version":"12.13.0"}
[info] i  functions: Beginning execution of "api"
[debug] [2020-05-02T08:27:01.365Z] [runtime-status] Disabled runtime features: undefined {}
[debug] [2020-05-02T08:27:01.368Z] [runtime-status] Resolved module firebase-admin {"declared":true,"installed":true,"version":"8.7.0","resolution":"C:\\Users\\snix\\source\\repos\\Web-portfolio\\functions\\node_modules\\firebase-admin\\lib\\index.js"}
[debug] [2020-05-02T08:27:01.371Z] [runtime-status] Resolved module firebase-functions {"declared":true,"installed":true,"version":"3.3.0","resolution":"C:\\Users\\snix\\source\\repos\\Web-portfolio\\functions\\node_modules\\firebase-functions\\lib\\index.js"}
[debug] [2020-05-02T08:27:01.725Z] [runtime-status] Found google-gax at C:\Users\snix\source\repos\Web-portfolio\functions\node_modules\google-gax\build\src\index.js {}
[debug] [2020-05-02T08:27:01.726Z] [runtime-status] Outgoing network have been stubbed. [{"name":"http","status":"mocked"},{"name":"http","status":"mocked"},{"name":"https","status":"mocked"},{"name":"https","status":"mocked"},{"name":"net","status":"mocked"},{"name":"google-gax","status":"mocked"}]
[debug] [2020-05-02T08:27:01.781Z] [runtime-status] Checked functions.config() {"config":{"gmail":{"pass":"oxzxnbacnvxkrrnw","login":"noreply.dpalyov@gmail.com"},"github":{"key":"48e988f653d2a3e8fa678b829f38c037585c7f1a"}}}
[debug] [2020-05-02T08:27:01.782Z] [runtime-status] Resolved module firebase-functions {"declared":true,"installed":true,"version":"3.3.0","resolution":"C:\\Users\\snix\\source\\repos\\Web-portfolio\\functions\\node_modules\\firebase-functions\\lib\\index.js"}
[debug] [2020-05-02T08:27:01.784Z] [runtime-status] Resolved module firebase-admin {"declared":true,"installed":true,"version":"8.7.0","resolution":"C:\\Users\\snix\\source\\repos\\Web-portfolio\\functions\\node_modules\\firebase-admin\\lib\\index.js"}
[debug] [2020-05-02T08:27:01.836Z] [runtime-status] firebase-admin has been stubbed. {"adminResolution":{"declared":true,"installed":true,"version":"8.7.0","resolution":"C:\\Users\\snix\\source\\repos\\Web-portfolio\\functions\\node_modules\\firebase-admin\\lib\\index.js"}}
[debug] [2020-05-02T08:27:02.045Z] [runtime-status] initializeApp(DEFAULT) {"databaseURL":"https://online-cv-476e2.firebaseio.com","storageBucket":"online-cv-476e2.appspot.com","projectId":"online-cv-476e2"}
[debug] [2020-05-02T08:27:02.114Z] [runtime-status] Trigger "api" has been found, beginning invocation! {}
[debug] [2020-05-02T08:27:02.114Z] [runtime-status]  {"httpsTrigger":{},"name":"api","entryPoint":"api"}
[debug] [2020-05-02T08:27:02.114Z] [runtime-status] Running api in mode HTTPS {}
[debug] [2020-05-02T08:27:02.120Z] {"socketPath":"\\\\?\\pipe\\C:\\Users\\snix\\source\\repos\\Web-portfolio\\functions\\26152"}
[debug] [2020-05-02T08:27:02.121Z] [functions] Runtime ready! Sending request! {"socketPath":"\\\\?\\pipe\\C:\\Users\\snix\\source\\repos\\Web-portfolio\\functions\\26152"}
[debug] [2020-05-02T08:27:02.128Z] [runtime-status] Ephemeral server used! {}
[info] >  hello from the errorHandler
[debug] [2020-05-02T08:27:02.132Z] [runtime-status] config() parent accessed! {"parentKey":"github","parentConfig":{"gmail":{"pass":"oxzxnbacnvxkrrnw","login":"noreply.dpalyov@gmail.com"},"github":{"key":"48e988f653d2a3e8fa678b829f38c037585c7f1a"}}}
[warn] !  Unknown network resource requested!
   - URL: "https://api.github.com/graphql"
[debug] [2020-05-02T08:27:02.152Z] [runtime-status] Ephemeral server survived. {}
[info] i  functions: Finished "api" in ~1s
[debug] [2020-05-02T08:28:06.273Z] File C:\Users\snix\source\repos\Web-portfolio\functions\middlewares\errorHandler.js changed, reloading triggers
[debug] [2020-05-02T08:28:07.899Z] [runtime-status] Functions runtime initialized. {"cwd":"C:\\Users\\snix\\source\\repos\\Web-portfolio\\functions","node_version":"12.13.0"}
[debug] [2020-05-02T08:28:07.899Z] [runtime-status] Disabled runtime features: undefined {}
[debug] [2020-05-02T08:28:07.903Z] [runtime-status] Resolved module firebase-admin {"declared":true,"installed":true,"version":"8.7.0","resolution":"C:\\Users\\snix\\source\\repos\\Web-portfolio\\functions\\node_modules\\firebase-admin\\lib\\index.js"}
[debug] [2020-05-02T08:28:07.906Z] [runtime-status] Resolved module firebase-functions {"declared":true,"installed":true,"version":"3.3.0","resolution":"C:\\Users\\snix\\source\\repos\\Web-portfolio\\functions\\node_modules\\firebase-functions\\lib\\index.js"}
[debug] [2020-05-02T08:28:08.292Z] [runtime-status] Found google-gax at C:\Users\snix\source\repos\Web-portfolio\functions\node_modules\google-gax\build\src\index.js {}
[debug] [2020-05-02T08:28:08.292Z] [runtime-status] Outgoing network have been stubbed. [{"name":"http","status":"mocked"},{"name":"http","status":"mocked"},{"name":"https","status":"mocked"},{"name":"https","status":"mocked"},{"name":"net","status":"mocked"},{"name":"google-gax","status":"mocked"}]
[debug] [2020-05-02T08:28:08.348Z] [runtime-status] Checked functions.config() {"config":{"gmail":{"pass":"oxzxnbacnvxkrrnw","login":"noreply.dpalyov@gmail.com"},"github":{"key":"48e988f653d2a3e8fa678b829f38c037585c7f1a"}}}
[debug] [2020-05-02T08:28:08.350Z] [runtime-status] Resolved module firebase-functions {"declared":true,"installed":true,"version":"3.3.0","resolution":"C:\\Users\\snix\\source\\repos\\Web-portfolio\\functions\\node_modules\\firebase-functions\\lib\\index.js"}
[debug] [2020-05-02T08:28:08.352Z] [runtime-status] Resolved module firebase-admin {"declared":true,"installed":true,"version":"8.7.0","resolution":"C:\\Users\\snix\\source\\repos\\Web-portfolio\\functions\\node_modules\\firebase-admin\\lib\\index.js"}
[debug] [2020-05-02T08:28:08.421Z] [runtime-status] firebase-admin has been stubbed. {"adminResolution":{"declared":true,"installed":true,"version":"8.7.0","resolution":"C:\\Users\\snix\\source\\repos\\Web-portfolio\\functions\\node_modules\\firebase-admin\\lib\\index.js"}}
[debug] [2020-05-02T08:28:08.627Z] [runtime-status] initializeApp(DEFAULT) {"databaseURL":"https://online-cv-476e2.firebaseio.com","storageBucket":"online-cv-476e2.appspot.com","projectId":"online-cv-476e2"}
[debug] [2020-05-02T08:28:30.651Z] File C:\Users\snix\source\repos\Web-portfolio\functions\middlewares\errorHandler.js changed, reloading triggers
[debug] [2020-05-02T08:28:32.117Z] [runtime-status] Functions runtime initialized. {"cwd":"C:\\Users\\snix\\source\\repos\\Web-portfolio\\functions","node_version":"12.13.0"}
[debug] [2020-05-02T08:28:32.117Z] [runtime-status] Disabled runtime features: undefined {}
[debug] [2020-05-02T08:28:32.121Z] [runtime-status] Resolved module firebase-admin {"declared":true,"installed":true,"version":"8.7.0","resolution":"C:\\Users\\snix\\source\\repos\\Web-portfolio\\functions\\node_modules\\firebase-admin\\lib\\index.js"}
[debug] [2020-05-02T08:28:32.124Z] [runtime-status] Resolved module firebase-functions {"declared":true,"installed":true,"version":"3.3.0","resolution":"C:\\Users\\snix\\source\\repos\\Web-portfolio\\functions\\node_modules\\firebase-functions\\lib\\index.js"}
[debug] [2020-05-02T08:28:32.503Z] [runtime-status] Found google-gax at C:\Users\snix\source\repos\Web-portfolio\functions\node_modules\google-gax\build\src\index.js {}
[debug] [2020-05-02T08:28:32.503Z] [runtime-status] Outgoing network have been stubbed. [{"name":"http","status":"mocked"},{"name":"http","status":"mocked"},{"name":"https","status":"mocked"},{"name":"https","status":"mocked"},{"name":"net","status":"mocked"},{"name":"google-gax","status":"mocked"}]
[debug] [2020-05-02T08:28:32.559Z] [runtime-status] Checked functions.config() {"config":{"gmail":{"pass":"oxzxnbacnvxkrrnw","login":"noreply.dpalyov@gmail.com"},"github":{"key":"48e988f653d2a3e8fa678b829f38c037585c7f1a"}}}
[debug] [2020-05-02T08:28:32.559Z] [runtime-status] Resolved module firebase-functions {"declared":true,"installed":true,"version":"3.3.0","resolution":"C:\\Users\\snix\\source\\repos\\Web-portfolio\\functions\\node_modules\\firebase-functions\\lib\\index.js"}
[debug] [2020-05-02T08:28:32.561Z] [runtime-status] Resolved module firebase-admin {"declared":true,"installed":true,"version":"8.7.0","resolution":"C:\\Users\\snix\\source\\repos\\Web-portfolio\\functions\\node_modules\\firebase-admin\\lib\\index.js"}
[debug] [2020-05-02T08:28:32.612Z] [runtime-status] firebase-admin has been stubbed. {"adminResolution":{"declared":true,"installed":true,"version":"8.7.0","resolution":"C:\\Users\\snix\\source\\repos\\Web-portfolio\\functions\\node_modules\\firebase-admin\\lib\\index.js"}}
[debug] [2020-05-02T08:28:32.819Z] [runtime-status] initializeApp(DEFAULT) {"databaseURL":"https://online-cv-476e2.firebaseio.com","storageBucket":"online-cv-476e2.appspot.com","projectId":"online-cv-476e2"}
[debug] [2020-05-02T08:28:36.399Z] File C:\Users\snix\source\repos\Web-portfolio\functions\middlewares\errorHandler.js changed, reloading triggers
[debug] [2020-05-02T08:28:37.929Z] [runtime-status] Functions runtime initialized. {"cwd":"C:\\Users\\snix\\source\\repos\\Web-portfolio\\functions","node_version":"12.13.0"}
[debug] [2020-05-02T08:28:37.929Z] [runtime-status] Disabled runtime features: undefined {}
[debug] [2020-05-02T08:28:37.933Z] [runtime-status] Resolved module firebase-admin {"declared":true,"installed":true,"version":"8.7.0","resolution":"C:\\Users\\snix\\source\\repos\\Web-portfolio\\functions\\node_modules\\firebase-admin\\lib\\index.js"}
[debug] [2020-05-02T08:28:37.936Z] [runtime-status] Resolved module firebase-functions {"declared":true,"installed":true,"version":"3.3.0","resolution":"C:\\Users\\snix\\source\\repos\\Web-portfolio\\functions\\node_modules\\firebase-functions\\lib\\index.js"}
[debug] [2020-05-02T08:28:38.306Z] [runtime-status] Found google-gax at C:\Users\snix\source\repos\Web-portfolio\functions\node_modules\google-gax\build\src\index.js {}
[debug] [2020-05-02T08:28:38.306Z] [runtime-status] Outgoing network have been stubbed. [{"name":"http","status":"mocked"},{"name":"http","status":"mocked"},{"name":"https","status":"mocked"},{"name":"https","status":"mocked"},{"name":"net","status":"mocked"},{"name":"google-gax","status":"mocked"}]
[debug] [2020-05-02T08:28:38.365Z] [runtime-status] Checked functions.config() {"config":{"gmail":{"pass":"oxzxnbacnvxkrrnw","login":"noreply.dpalyov@gmail.com"},"github":{"key":"48e988f653d2a3e8fa678b829f38c037585c7f1a"}}}
[debug] [2020-05-02T08:28:38.366Z] [runtime-status] Resolved module firebase-functions {"declared":true,"installed":true,"version":"3.3.0","resolution":"C:\\Users\\snix\\source\\repos\\Web-portfolio\\functions\\node_modules\\firebase-functions\\lib\\index.js"}
[debug] [2020-05-02T08:28:38.368Z] [runtime-status] Resolved module firebase-admin {"declared":true,"installed":true,"version":"8.7.0","resolution":"C:\\Users\\snix\\source\\repos\\Web-portfolio\\functions\\node_modules\\firebase-admin\\lib\\index.js"}
[debug] [2020-05-02T08:28:38.425Z] [runtime-status] firebase-admin has been stubbed. {"adminResolution":{"declared":true,"installed":true,"version":"8.7.0","resolution":"C:\\Users\\snix\\source\\repos\\Web-portfolio\\functions\\node_modules\\firebase-admin\\lib\\index.js"}}
[debug] [2020-05-02T08:28:38.665Z] [runtime-status] initializeApp(DEFAULT) {"databaseURL":"https://online-cv-476e2.firebaseio.com","storageBucket":"online-cv-476e2.appspot.com","projectId":"online-cv-476e2"}
[debug] [2020-05-02T08:28:59.678Z] File C:\Users\snix\source\repos\Web-portfolio\functions\index.js changed, reloading triggers
[debug] [2020-05-02T08:29:01.463Z] [runtime-status] Functions runtime initialized. {"cwd":"C:\\Users\\snix\\source\\repos\\Web-portfolio\\functions","node_version":"12.13.0"}
[debug] [2020-05-02T08:29:01.463Z] [runtime-status] Disabled runtime features: undefined {}
[debug] [2020-05-02T08:29:01.467Z] [runtime-status] Resolved module firebase-admin {"declared":true,"installed":true,"version":"8.7.0","resolution":"C:\\Users\\snix\\source\\repos\\Web-portfolio\\functions\\node_modules\\firebase-admin\\lib\\index.js"}
[debug] [2020-05-02T08:29:01.469Z] [runtime-status] Resolved module firebase-functions {"declared":true,"installed":true,"version":"3.3.0","resolution":"C:\\Users\\snix\\source\\repos\\Web-portfolio\\functions\\node_modules\\firebase-functions\\lib\\index.js"}
[debug] [2020-05-02T08:29:01.821Z] [runtime-status] Found google-gax at C:\Users\snix\source\repos\Web-portfolio\functions\node_modules\google-gax\build\src\index.js {}
[debug] [2020-05-02T08:29:01.822Z] [runtime-status] Outgoing network have been stubbed. [{"name":"http","status":"mocked"},{"name":"http","status":"mocked"},{"name":"https","status":"mocked"},{"name":"https","status":"mocked"},{"name":"net","status":"mocked"},{"name":"google-gax","status":"mocked"}]
[debug] [2020-05-02T08:29:01.880Z] [runtime-status] Checked functions.config() {"config":{"gmail":{"pass":"oxzxnbacnvxkrrnw","login":"noreply.dpalyov@gmail.com"},"github":{"key":"48e988f653d2a3e8fa678b829f38c037585c7f1a"}}}
[debug] [2020-05-02T08:29:01.881Z] [runtime-status] Resolved module firebase-functions {"declared":true,"installed":true,"version":"3.3.0","resolution":"C:\\Users\\snix\\source\\repos\\Web-portfolio\\functions\\node_modules\\firebase-functions\\lib\\index.js"}
[debug] [2020-05-02T08:29:01.883Z] [runtime-status] Resolved module firebase-admin {"declared":true,"installed":true,"version":"8.7.0","resolution":"C:\\Users\\snix\\source\\repos\\Web-portfolio\\functions\\node_modules\\firebase-admin\\lib\\index.js"}
[debug] [2020-05-02T08:29:01.941Z] [runtime-status] firebase-admin has been stubbed. {"adminResolution":{"declared":true,"installed":true,"version":"8.7.0","resolution":"C:\\Users\\snix\\source\\repos\\Web-portfolio\\functions\\node_modules\\firebase-admin\\lib\\index.js"}}
[debug] [2020-05-02T08:29:02.153Z] [runtime-status] initializeApp(DEFAULT) {"databaseURL":"https://online-cv-476e2.firebaseio.com","storageBucket":"online-cv-476e2.appspot.com","projectId":"online-cv-476e2"}
[debug] [2020-05-02T08:29:05.319Z] File C:\Users\snix\source\repos\Web-portfolio\functions\index.js changed, reloading triggers
[debug] [2020-05-02T08:29:06.800Z] [runtime-status] Functions runtime initialized. {"cwd":"C:\\Users\\snix\\source\\repos\\Web-portfolio\\functions","node_version":"12.13.0"}
[debug] [2020-05-02T08:29:06.800Z] [runtime-status] Disabled runtime features: undefined {}
[debug] [2020-05-02T08:29:06.804Z] [runtime-status] Resolved module firebase-admin {"declared":true,"installed":true,"version":"8.7.0","resolution":"C:\\Users\\snix\\source\\repos\\Web-portfolio\\functions\\node_modules\\firebase-admin\\lib\\index.js"}
[debug] [2020-05-02T08:29:06.807Z] [runtime-status] Resolved module firebase-functions {"declared":true,"installed":true,"version":"3.3.0","resolution":"C:\\Users\\snix\\source\\repos\\Web-portfolio\\functions\\node_modules\\firebase-functions\\lib\\index.js"}
[debug] [2020-05-02T08:29:07.191Z] [runtime-status] Found google-gax at C:\Users\snix\source\repos\Web-portfolio\functions\node_modules\google-gax\build\src\index.js {}
[debug] [2020-05-02T08:29:07.191Z] [runtime-status] Outgoing network have been stubbed. [{"name":"http","status":"mocked"},{"name":"http","status":"mocked"},{"name":"https","status":"mocked"},{"name":"https","status":"mocked"},{"name":"net","status":"mocked"},{"name":"google-gax","status":"mocked"}]
[debug] [2020-05-02T08:29:07.254Z] [runtime-status] Checked functions.config() {"config":{"gmail":{"pass":"oxzxnbacnvxkrrnw","login":"noreply.dpalyov@gmail.com"},"github":{"key":"48e988f653d2a3e8fa678b829f38c037585c7f1a"}}}
[debug] [2020-05-02T08:29:07.255Z] [runtime-status] Resolved module firebase-functions {"declared":true,"installed":true,"version":"3.3.0","resolution":"C:\\Users\\snix\\source\\repos\\Web-portfolio\\functions\\node_modules\\firebase-functions\\lib\\index.js"}
[debug] [2020-05-02T08:29:07.256Z] [runtime-status] Resolved module firebase-admin {"declared":true,"installed":true,"version":"8.7.0","resolution":"C:\\Users\\snix\\source\\repos\\Web-portfolio\\functions\\node_modules\\firebase-admin\\lib\\index.js"}
[debug] [2020-05-02T08:29:07.308Z] [runtime-status] firebase-admin has been stubbed. {"adminResolution":{"declared":true,"installed":true,"version":"8.7.0","resolution":"C:\\Users\\snix\\source\\repos\\Web-portfolio\\functions\\node_modules\\firebase-admin\\lib\\index.js"}}
[debug] [2020-05-02T08:29:07.517Z] [runtime-status] initializeApp(DEFAULT) {"databaseURL":"https://online-cv-476e2.firebaseio.com","storageBucket":"online-cv-476e2.appspot.com","projectId":"online-cv-476e2"}
[debug] [2020-05-02T08:29:08.920Z] Accepted request GET /online-cv-476e2/us-central1/api/githubRepos?username=dpalyov&numRepos=4 --> api
[debug] [2020-05-02T08:29:09.347Z] [runtime-status] Functions runtime initialized. {"cwd":"C:\\Users\\snix\\source\\repos\\Web-portfolio\\functions","node_version":"12.13.0"}
[info] i  functions: Beginning execution of "api"
[debug] [2020-05-02T08:29:09.349Z] [runtime-status] Disabled runtime features: undefined {}
[debug] [2020-05-02T08:29:09.352Z] [runtime-status] Resolved module firebase-admin {"declared":true,"installed":true,"version":"8.7.0","resolution":"C:\\Users\\snix\\source\\repos\\Web-portfolio\\functions\\node_modules\\firebase-admin\\lib\\index.js"}
[debug] [2020-05-02T08:29:09.354Z] [runtime-status] Resolved module firebase-functions {"declared":true,"installed":true,"version":"3.3.0","resolution":"C:\\Users\\snix\\source\\repos\\Web-portfolio\\functions\\node_modules\\firebase-functions\\lib\\index.js"}
[debug] [2020-05-02T08:29:09.693Z] [runtime-status] Found google-gax at C:\Users\snix\source\repos\Web-portfolio\functions\node_modules\google-gax\build\src\index.js {}
[debug] [2020-05-02T08:29:09.693Z] [runtime-status] Outgoing network have been stubbed. [{"name":"http","status":"mocked"},{"name":"http","status":"mocked"},{"name":"https","status":"mocked"},{"name":"https","status":"mocked"},{"name":"net","status":"mocked"},{"name":"google-gax","status":"mocked"}]
[debug] [2020-05-02T08:29:09.750Z] [runtime-status] Checked functions.config() {"config":{"gmail":{"pass":"oxzxnbacnvxkrrnw","login":"noreply.dpalyov@gmail.com"},"github":{"key":"48e988f653d2a3e8fa678b829f38c037585c7f1a"}}}
[debug] [2020-05-02T08:29:09.752Z] [runtime-status] Resolved module firebase-functions {"declared":true,"installed":true,"version":"3.3.0","resolution":"C:\\Users\\snix\\source\\repos\\Web-portfolio\\functions\\node_modules\\firebase-functions\\lib\\index.js"}
[debug] [2020-05-02T08:29:09.754Z] [runtime-status] Resolved module firebase-admin {"declared":true,"installed":true,"version":"8.7.0","resolution":"C:\\Users\\snix\\source\\repos\\Web-portfolio\\functions\\node_modules\\firebase-admin\\lib\\index.js"}
[debug] [2020-05-02T08:29:09.826Z] [runtime-status] firebase-admin has been stubbed. {"adminResolution":{"declared":true,"installed":true,"version":"8.7.0","resolution":"C:\\Users\\snix\\source\\repos\\Web-portfolio\\functions\\node_modules\\firebase-admin\\lib\\index.js"}}
[debug] [2020-05-02T08:29:10.041Z] [runtime-status] initializeApp(DEFAULT) {"databaseURL":"https://online-cv-476e2.firebaseio.com","storageBucket":"online-cv-476e2.appspot.com","projectId":"online-cv-476e2"}
[debug] [2020-05-02T08:29:10.111Z] [runtime-status] Trigger "api" has been found, beginning invocation! {}
[debug] [2020-05-02T08:29:10.111Z] [runtime-status]  {"httpsTrigger":{},"name":"api","entryPoint":"api"}
[debug] [2020-05-02T08:29:10.111Z] [runtime-status] Running api in mode HTTPS {}
[debug] [2020-05-02T08:29:10.116Z] {"socketPath":"\\\\?\\pipe\\C:\\Users\\snix\\source\\repos\\Web-portfolio\\functions\\18540"}
[debug] [2020-05-02T08:29:10.117Z] [functions] Runtime ready! Sending request! {"socketPath":"\\\\?\\pipe\\C:\\Users\\snix\\source\\repos\\Web-portfolio\\functions\\18540"}
[debug] [2020-05-02T08:29:10.124Z] [runtime-status] Ephemeral server used! {}
[debug] [2020-05-02T08:29:10.126Z] [runtime-status] config() parent accessed! {"parentKey":"github","parentConfig":{"gmail":{"pass":"oxzxnbacnvxkrrnw","login":"noreply.dpalyov@gmail.com"},"github":{"key":"48e988f653d2a3e8fa678b829f38c037585c7f1a"}}}
[warn] !  Unknown network resource requested!
   - URL: "https://api.github.com/graphql"
[debug] [2020-05-02T08:29:10.149Z] [runtime-status] Ephemeral server survived. {}
[info] i  functions: Finished "api" in ~1s
