[debug] [2020-07-19T10:44:17.757Z] ----------------------------------------------------------------------
[debug] [2020-07-19T10:44:17.759Z] Command:       C:\Program Files\nodejs\node.exe C:\Program Files\nodejs\node_modules\firebase-tools\lib\bin\firebase.js deploy
[debug] [2020-07-19T10:44:17.759Z] CLI Version:   8.6.0
[debug] [2020-07-19T10:44:17.760Z] Platform:      win32
[debug] [2020-07-19T10:44:17.760Z] Node Version:  v10.21.0
[debug] [2020-07-19T10:44:17.761Z] Time:          Sun Jul 19 2020 13:44:17 GMT+0300 (Eastern European Summer Time)
[debug] [2020-07-19T10:44:17.761Z] ----------------------------------------------------------------------
[debug] [2020-07-19T10:44:17.761Z] 
[debug] [2020-07-19T10:44:17.774Z] > command requires scopes: ["email","openid","https://www.googleapis.com/auth/cloudplatformprojects.readonly","https://www.googleapis.com/auth/firebase","https://www.googleapis.com/auth/cloud-platform"]
[debug] [2020-07-19T10:44:17.774Z] > authorizing via signed-in user
[debug] [2020-07-19T10:44:17.775Z] [iam] checking project online-cv-476e2 for permissions ["cloudfunctions.functions.create","cloudfunctions.functions.delete","cloudfunctions.functions.get","cloudfunctions.functions.list","cloudfunctions.functions.update","cloudfunctions.operations.get","datastore.indexes.create","datastore.indexes.delete","datastore.indexes.list","datastore.indexes.update","firebase.projects.get","firebasehosting.sites.update","firebaserules.releases.create","firebaserules.releases.update","firebaserules.rulesets.create"]
[debug] [2020-07-19T10:44:17.778Z] >>> HTTP REQUEST POST https://cloudresourcemanager.googleapis.com/v1/projects/online-cv-476e2:testIamPermissions  
 {"permissions":["cloudfunctions.functions.create","cloudfunctions.functions.delete","cloudfunctions.functions.get","cloudfunctions.functions.list","cloudfunctions.functions.update","cloudfunctions.operations.get","datastore.indexes.create","datastore.indexes.delete","datastore.indexes.list","datastore.indexes.update","firebase.projects.get","firebasehosting.sites.update","firebaserules.releases.create","firebaserules.releases.update","firebaserules.rulesets.create"]}
[debug] [2020-07-19T10:44:18.703Z] <<< HTTP RESPONSE 200 {"content-type":"application/json; charset=UTF-8","vary":"X-Origin, Referer, Origin,Accept-Encoding","date":"Sun, 19 Jul 2020 10:44:19 GMT","server":"ESF","cache-control":"private","x-xss-protection":"0","x-frame-options":"SAMEORIGIN","x-content-type-options":"nosniff","server-timing":"gfet4t7; dur=842","alt-svc":"h3-29=\":443\"; ma=2592000,h3-27=\":443\"; ma=2592000,h3-25=\":443\"; ma=2592000,h3-T050=\":443\"; ma=2592000,h3-Q050=\":443\"; ma=2592000,h3-Q046=\":443\"; ma=2592000,h3-Q043=\":443\"; ma=2592000,quic=\":443\"; ma=2592000; v=\"46,43\"","accept-ranges":"none","transfer-encoding":"chunked"}
[debug] [2020-07-19T10:44:18.705Z] >>> HTTP REQUEST POST https://iam.googleapis.com/v1/projects/online-cv-476e2/serviceAccounts/online-cv-476e2@appspot.gserviceaccount.com:testIamPermissions  
 {"permissions":["iam.serviceAccounts.actAs"]}
[debug] [2020-07-19T10:44:19.669Z] <<< HTTP RESPONSE 200 {"content-type":"application/json; charset=UTF-8","vary":"X-Origin, Referer, Origin,Accept-Encoding","date":"Sun, 19 Jul 2020 10:44:20 GMT","server":"ESF","cache-control":"private","x-xss-protection":"0","x-frame-options":"SAMEORIGIN","x-content-type-options":"nosniff","alt-svc":"h3-29=\":443\"; ma=2592000,h3-27=\":443\"; ma=2592000,h3-25=\":443\"; ma=2592000,h3-T050=\":443\"; ma=2592000,h3-Q050=\":443\"; ma=2592000,h3-Q046=\":443\"; ma=2592000,h3-Q043=\":443\"; ma=2592000,quic=\":443\"; ma=2592000; v=\"46,43\"","accept-ranges":"none","transfer-encoding":"chunked"}
[debug] [2020-07-19T10:44:19.673Z] >>> HTTP REQUEST GET https://firebase.googleapis.com/v1beta1/projects/online-cv-476e2  
 
[debug] [2020-07-19T10:44:19.921Z] <<< HTTP RESPONSE 200 {"content-type":"application/json; charset=UTF-8","vary":"X-Origin, Referer, Origin,Accept-Encoding","date":"Sun, 19 Jul 2020 10:44:20 GMT","server":"ESF","cache-control":"private","x-xss-protection":"0","x-frame-options":"SAMEORIGIN","x-content-type-options":"nosniff","alt-svc":"h3-29=\":443\"; ma=2592000,h3-27=\":443\"; ma=2592000,h3-25=\":443\"; ma=2592000,h3-T050=\":443\"; ma=2592000,h3-Q050=\":443\"; ma=2592000,h3-Q046=\":443\"; ma=2592000,h3-Q043=\":443\"; ma=2592000,quic=\":443\"; ma=2592000; v=\"46,43\"","accept-ranges":"none","transfer-encoding":"chunked"}
[warn] !  functions: package.json indicates an outdated version of firebase-functions.
Please upgrade using npm install --save firebase-functions@latest in your functions directory. 
[info] 
[info] === Deploying to 'online-cv-476e2'...
[info] 
[info] i  deploying storage, firestore, functions, hosting 
[info] Running command: npm --prefix "$RESOURCE_DIR" run lint
[info] +  functions: Finished running predeploy script. 
[debug] [2020-07-19T10:44:27.965Z] >>> HTTP REQUEST GET https://appengine.googleapis.com/v1/apps/online-cv-476e2  
 
[debug] [2020-07-19T10:44:28.664Z] <<< HTTP RESPONSE 200 {"content-type":"application/json; charset=UTF-8","vary":"X-Origin, Referer, Origin,Accept-Encoding","date":"Sun, 19 Jul 2020 10:44:29 GMT","server":"ESF","cache-control":"private","x-xss-protection":"0","x-frame-options":"SAMEORIGIN","x-content-type-options":"nosniff","alt-svc":"h3-29=\":443\"; ma=2592000,h3-27=\":443\"; ma=2592000,h3-25=\":443\"; ma=2592000,h3-T050=\":443\"; ma=2592000,h3-Q050=\":443\"; ma=2592000,h3-Q046=\":443\"; ma=2592000,h3-Q043=\":443\"; ma=2592000,quic=\":443\"; ma=2592000; v=\"46,43\"","accept-ranges":"none","transfer-encoding":"chunked"}
[info] i  firebase.storage: checking storage.rules for compilation errors... 
[debug] [2020-07-19T10:44:28.671Z] >>> HTTP REQUEST POST https://firebaserules.googleapis.com/v1/projects/online-cv-476e2:test  
 {"source":{"files":[{"name":"storage.rules","content":"service firebase.storage {\r\n  match /b/{bucket}/o {\r\n    match /{allPaths=**} {\r\n      allow read, write: if request.auth!=null;\r\n    }\r\n  }\r\n}\r\n"}]}}
[debug] [2020-07-19T10:44:29.448Z] <<< HTTP RESPONSE 200 {"content-type":"application/json; charset=UTF-8","vary":"X-Origin, Referer, Origin,Accept-Encoding","date":"Sun, 19 Jul 2020 10:44:29 GMT","server":"ESF","cache-control":"private","x-xss-protection":"0","x-frame-options":"SAMEORIGIN","x-content-type-options":"nosniff","alt-svc":"h3-29=\":443\"; ma=2592000,h3-27=\":443\"; ma=2592000,h3-25=\":443\"; ma=2592000,h3-T050=\":443\"; ma=2592000,h3-Q050=\":443\"; ma=2592000,h3-Q046=\":443\"; ma=2592000,h3-Q043=\":443\"; ma=2592000,quic=\":443\"; ma=2592000; v=\"46,43\"","accept-ranges":"none","transfer-encoding":"chunked"}
[warn] !  [W] undefined:undefined - Ruleset uses old version (version [1]). Please update to the latest version (version [2]). 
[info] +  firebase.storage: rules file storage.rules compiled successfully 
[info] i  firestore: reading indexes from firestore.indexes.json... 
[info] i  cloud.firestore: checking firestore.rules for compilation errors... 
[debug] [2020-07-19T10:44:29.453Z] >>> HTTP REQUEST POST https://firebaserules.googleapis.com/v1/projects/online-cv-476e2:test  
 {"source":{"files":[{"name":"firestore.rules","content":"rules_version = '2';\r\nservice cloud.firestore {\r\n  match /databases/{database}/documents {\r\n    match /{document=**} {\r\n    function signedIn() {\r\n      return request.auth.uid == \"palyov.dimitar@gmail.com\" ;\r\n    }\r\n      allow write; //if(signedIn());  \r\n    }\r\n    match /{document=**} {\r\n      allow read;\r\n    }\r\n  }\r\n}"}]}}
[debug] [2020-07-19T10:44:30.130Z] <<< HTTP RESPONSE 200 {"content-type":"application/json; charset=UTF-8","vary":"X-Origin, Referer, Origin,Accept-Encoding","date":"Sun, 19 Jul 2020 10:44:30 GMT","server":"ESF","cache-control":"private","x-xss-protection":"0","x-frame-options":"SAMEORIGIN","x-content-type-options":"nosniff","alt-svc":"h3-29=\":443\"; ma=2592000,h3-27=\":443\"; ma=2592000,h3-25=\":443\"; ma=2592000,h3-T050=\":443\"; ma=2592000,h3-Q050=\":443\"; ma=2592000,h3-Q046=\":443\"; ma=2592000,h3-Q043=\":443\"; ma=2592000,quic=\":443\"; ma=2592000; v=\"46,43\"","accept-ranges":"none","transfer-encoding":"chunked"}
[warn] !  [W] 5:14 - Unused function: signedIn. 
[warn] !  [W] 6:14 - Invalid variable name: request. 
[info] +  cloud.firestore: rules file firestore.rules compiled successfully 
[debug] [2020-07-19T10:44:30.146Z] > [functions] package.json contents: {
  "name": "functions",
  "description": "Cloud Functions for Firebase",
  "scripts": {
    "lint": "eslint .",
    "serve": "npm run build && firebase serve --only functions,firestore",
    "shell": "firebase functions:shell",
    "start": "npm run shell",
    "deploy": "firebase deploy --only functions",
    "logs": "firebase functions:log"
  },
  "engines": {
    "node": "8"
  },
  "dependencies": {
    "cors": "^2.8.5",
    "dotenv": "^8.2.0",
    "express": "^4.17.1",
    "firebase-admin": "^8.11.0",
    "firebase-functions": "^3.1.0",
    "node-fetch": "^2.6.0",
    "nodemailer": "^6.3.1"
  },
  "devDependencies": {
    "eslint": "^5.12.0",
    "eslint-plugin-promise": "^4.0.1",
    "firebase-functions-test": "^0.1.6"
  },
  "private": true
}
[info] i  functions: ensuring required API cloudfunctions.googleapis.com is enabled... 
[warn] 
[warn] !  functions: The Node.js 8 runtime is deprecated and will be decommissioned on 2021-03-15. For more information, see: https://firebase.google.com/support/faq#functions-runtime 
[warn] 
[debug] [2020-07-19T10:44:32.497Z] >>> HTTP REQUEST GET https://serviceusage.googleapis.com/v1/projects/online-cv-476e2/services/cloudfunctions.googleapis.com  
 
[debug] [2020-07-19T10:44:32.498Z] >>> HTTP REQUEST GET https://serviceusage.googleapis.com/v1/projects/online-cv-476e2/services/runtimeconfig.googleapis.com  
 
[debug] [2020-07-19T10:44:33.541Z] <<< HTTP RESPONSE 200 {"content-type":"application/json; charset=UTF-8","vary":"X-Origin, Referer, Origin,Accept-Encoding","date":"Sun, 19 Jul 2020 10:44:34 GMT","server":"ESF","cache-control":"private","x-xss-protection":"0","x-frame-options":"SAMEORIGIN","x-content-type-options":"nosniff","alt-svc":"h3-29=\":443\"; ma=2592000,h3-27=\":443\"; ma=2592000,h3-25=\":443\"; ma=2592000,h3-T050=\":443\"; ma=2592000,h3-Q050=\":443\"; ma=2592000,h3-Q046=\":443\"; ma=2592000,h3-Q043=\":443\"; ma=2592000,quic=\":443\"; ma=2592000; v=\"46,43\"","accept-ranges":"none","transfer-encoding":"chunked"}
[info] +  functions: required API cloudfunctions.googleapis.com is enabled 
[debug] [2020-07-19T10:44:33.545Z] <<< HTTP RESPONSE 200 {"content-type":"application/json; charset=UTF-8","vary":"X-Origin, Referer, Origin,Accept-Encoding","date":"Sun, 19 Jul 2020 10:44:34 GMT","server":"ESF","cache-control":"private","x-xss-protection":"0","x-frame-options":"SAMEORIGIN","x-content-type-options":"nosniff","alt-svc":"h3-29=\":443\"; ma=2592000,h3-27=\":443\"; ma=2592000,h3-25=\":443\"; ma=2592000,h3-T050=\":443\"; ma=2592000,h3-Q050=\":443\"; ma=2592000,h3-Q046=\":443\"; ma=2592000,h3-Q043=\":443\"; ma=2592000,quic=\":443\"; ma=2592000; v=\"46,43\"","accept-ranges":"none","transfer-encoding":"chunked"}
[debug] [2020-07-19T10:44:33.547Z] >>> HTTP REQUEST GET https://firebase.googleapis.com/v1beta1/projects/online-cv-476e2/adminSdkConfig  
 
[debug] [2020-07-19T10:44:33.744Z] <<< HTTP RESPONSE 200 {"content-type":"application/json; charset=UTF-8","vary":"X-Origin, Referer, Origin,Accept-Encoding","date":"Sun, 19 Jul 2020 10:44:34 GMT","server":"ESF","cache-control":"private","x-xss-protection":"0","x-frame-options":"SAMEORIGIN","x-content-type-options":"nosniff","alt-svc":"h3-29=\":443\"; ma=2592000,h3-27=\":443\"; ma=2592000,h3-25=\":443\"; ma=2592000,h3-T050=\":443\"; ma=2592000,h3-Q050=\":443\"; ma=2592000,h3-Q046=\":443\"; ma=2592000,h3-Q043=\":443\"; ma=2592000,quic=\":443\"; ma=2592000; v=\"46,43\"","accept-ranges":"none","transfer-encoding":"chunked"}
[debug] [2020-07-19T10:44:33.746Z] >>> HTTP REQUEST POST https://firebasehosting.googleapis.com/v1beta1/sites/online-cv-476e2/versions  
 {"config":{"rewrites":[{"glob":"**","path":"/index.html"},{"glob":"api/v1/**","function":"api"}]},"labels":{"deployment-tool":"cli-firebase"}}
[debug] [2020-07-19T10:44:35.267Z] <<< HTTP RESPONSE 200 {"content-type":"application/json; charset=UTF-8","vary":"X-Origin, Referer, Origin,Accept-Encoding","date":"Sun, 19 Jul 2020 10:44:35 GMT","server":"ESF","cache-control":"private","x-xss-protection":"0","x-frame-options":"SAMEORIGIN","x-content-type-options":"nosniff","alt-svc":"h3-29=\":443\"; ma=2592000,h3-27=\":443\"; ma=2592000,h3-25=\":443\"; ma=2592000,h3-T050=\":443\"; ma=2592000,h3-Q050=\":443\"; ma=2592000,h3-Q046=\":443\"; ma=2592000,h3-Q043=\":443\"; ma=2592000,quic=\":443\"; ma=2592000; v=\"46,43\"","accept-ranges":"none","transfer-encoding":"chunked"}
[debug] [2020-07-19T10:44:35.272Z] >>> HTTP REQUEST GET https://firebaserules.googleapis.com/v1/projects/online-cv-476e2/releases?pageSize=10&pageToken=  
 
[debug] [2020-07-19T10:44:35.489Z] <<< HTTP RESPONSE 200 {"content-type":"application/json; charset=UTF-8","vary":"X-Origin, Referer, Origin,Accept-Encoding","date":"Sun, 19 Jul 2020 10:44:35 GMT","server":"ESF","cache-control":"private","x-xss-protection":"0","x-frame-options":"SAMEORIGIN","x-content-type-options":"nosniff","alt-svc":"h3-29=\":443\"; ma=2592000,h3-27=\":443\"; ma=2592000,h3-25=\":443\"; ma=2592000,h3-T050=\":443\"; ma=2592000,h3-Q050=\":443\"; ma=2592000,h3-Q046=\":443\"; ma=2592000,h3-Q043=\":443\"; ma=2592000,quic=\":443\"; ma=2592000; v=\"46,43\"","accept-ranges":"none","transfer-encoding":"chunked"}
[debug] [2020-07-19T10:44:35.490Z] >>> HTTP REQUEST GET https://firebaserules.googleapis.com/v1/projects/online-cv-476e2/rulesets/f5100164-57f3-464d-9bf0-02526bbe4c4a  
 
[debug] [2020-07-19T10:44:36.148Z] <<< HTTP RESPONSE 200 {"content-type":"application/json; charset=UTF-8","vary":"X-Origin, Referer, Origin,Accept-Encoding","date":"Sun, 19 Jul 2020 10:44:36 GMT","server":"ESF","cache-control":"private","x-xss-protection":"0","x-frame-options":"SAMEORIGIN","x-content-type-options":"nosniff","alt-svc":"h3-29=\":443\"; ma=2592000,h3-27=\":443\"; ma=2592000,h3-25=\":443\"; ma=2592000,h3-T050=\":443\"; ma=2592000,h3-Q050=\":443\"; ma=2592000,h3-Q046=\":443\"; ma=2592000,h3-Q043=\":443\"; ma=2592000,quic=\":443\"; ma=2592000; v=\"46,43\"","accept-ranges":"none","transfer-encoding":"chunked"}
[info] i  storage: latest version of storage.rules already up to date, skipping upload... 
[debug] [2020-07-19T10:44:36.159Z] >>> HTTP REQUEST GET https://firebaserules.googleapis.com/v1/projects/online-cv-476e2/releases?pageSize=10&pageToken=  
 
[debug] [2020-07-19T10:44:36.160Z] >>> HTTP REQUEST GET https://firestore.googleapis.com/v1/projects/online-cv-476e2/databases/(default)/collectionGroups/-/indexes  
 
[debug] [2020-07-19T10:44:36.626Z] <<< HTTP RESPONSE 200 {"content-type":"application/json; charset=UTF-8","vary":"X-Origin, Referer, Origin,Accept-Encoding","date":"Sun, 19 Jul 2020 10:44:37 GMT","server":"ESF","cache-control":"private","x-xss-protection":"0","x-frame-options":"SAMEORIGIN","x-content-type-options":"nosniff","alt-svc":"h3-29=\":443\"; ma=2592000,h3-27=\":443\"; ma=2592000,h3-25=\":443\"; ma=2592000,h3-T050=\":443\"; ma=2592000,h3-Q050=\":443\"; ma=2592000,h3-Q046=\":443\"; ma=2592000,h3-Q043=\":443\"; ma=2592000,quic=\":443\"; ma=2592000; v=\"46,43\"","accept-ranges":"none","transfer-encoding":"chunked"}
[debug] [2020-07-19T10:44:36.627Z] >>> HTTP REQUEST GET https://firestore.googleapis.com/v1/projects/online-cv-476e2/databases/(default)/collectionGroups/-/fields?filter=indexConfig.usesAncestorConfig=false  
 
[debug] [2020-07-19T10:44:36.838Z] <<< HTTP RESPONSE 200 {"content-type":"application/json; charset=UTF-8","vary":"X-Origin, Referer, Origin,Accept-Encoding","date":"Sun, 19 Jul 2020 10:44:37 GMT","server":"ESF","cache-control":"private","x-xss-protection":"0","x-frame-options":"SAMEORIGIN","x-content-type-options":"nosniff","alt-svc":"h3-29=\":443\"; ma=2592000,h3-27=\":443\"; ma=2592000,h3-25=\":443\"; ma=2592000,h3-T050=\":443\"; ma=2592000,h3-Q050=\":443\"; ma=2592000,h3-Q046=\":443\"; ma=2592000,h3-Q043=\":443\"; ma=2592000,quic=\":443\"; ma=2592000; v=\"46,43\"","accept-ranges":"none","transfer-encoding":"chunked"}
[debug] [2020-07-19T10:44:36.840Z] >>> HTTP REQUEST GET https://firebaserules.googleapis.com/v1/projects/online-cv-476e2/rulesets/dfdc44de-4f5d-4a7e-86f2-a5595305ec88  
 
[debug] [2020-07-19T10:44:36.928Z] <<< HTTP RESPONSE 200 {"content-type":"application/json; charset=UTF-8","vary":"X-Origin, Referer, Origin,Accept-Encoding","date":"Sun, 19 Jul 2020 10:44:37 GMT","server":"ESF","cache-control":"private","x-xss-protection":"0","x-frame-options":"SAMEORIGIN","x-content-type-options":"nosniff","alt-svc":"h3-29=\":443\"; ma=2592000,h3-27=\":443\"; ma=2592000,h3-25=\":443\"; ma=2592000,h3-T050=\":443\"; ma=2592000,h3-Q050=\":443\"; ma=2592000,h3-Q046=\":443\"; ma=2592000,h3-Q043=\":443\"; ma=2592000,quic=\":443\"; ma=2592000; v=\"46,43\"","accept-ranges":"none","transfer-encoding":"chunked"}
[debug] [2020-07-19T10:44:36.929Z] Skipping existing field override: {"collectionGroup":"users","fieldPath":"userId","indexes":[{"order":"ASCENDING","queryScope":"COLLECTION"},{"order":"DESCENDING","queryScope":"COLLECTION"},{"arrayConfig":"CONTAINS","queryScope":"COLLECTION"}]}
[info] +  firestore: deployed indexes in firestore.indexes.json successfully 
[debug] [2020-07-19T10:44:37.504Z] <<< HTTP RESPONSE 200 {"content-type":"application/json; charset=UTF-8","vary":"X-Origin, Referer, Origin,Accept-Encoding","date":"Sun, 19 Jul 2020 10:44:37 GMT","server":"ESF","cache-control":"private","x-xss-protection":"0","x-frame-options":"SAMEORIGIN","x-content-type-options":"nosniff","alt-svc":"h3-29=\":443\"; ma=2592000,h3-27=\":443\"; ma=2592000,h3-25=\":443\"; ma=2592000,h3-T050=\":443\"; ma=2592000,h3-Q050=\":443\"; ma=2592000,h3-Q046=\":443\"; ma=2592000,h3-Q043=\":443\"; ma=2592000,quic=\":443\"; ma=2592000; v=\"46,43\"","accept-ranges":"none","transfer-encoding":"chunked"}
[info] i  firestore: uploading rules firestore.rules... 
[debug] [2020-07-19T10:44:37.506Z] >>> HTTP REQUEST POST https://firebaserules.googleapis.com/v1/projects/online-cv-476e2/rulesets  
 {"source":{"files":[{"name":"firestore.rules","content":"rules_version = '2';\r\nservice cloud.firestore {\r\n  match /databases/{database}/documents {\r\n    match /{document=**} {\r\n    function signedIn() {\r\n      return request.auth.uid == \"palyov.dimitar@gmail.com\" ;\r\n    }\r\n      allow write; //if(signedIn());  \r\n    }\r\n    match /{document=**} {\r\n      allow read;\r\n    }\r\n  }\r\n}"}]}}
[debug] [2020-07-19T10:44:38.342Z] <<< HTTP RESPONSE 200 {"content-type":"application/json; charset=UTF-8","vary":"X-Origin, Referer, Origin,Accept-Encoding","date":"Sun, 19 Jul 2020 10:44:38 GMT","server":"ESF","cache-control":"private","x-xss-protection":"0","x-frame-options":"SAMEORIGIN","x-content-type-options":"nosniff","alt-svc":"h3-29=\":443\"; ma=2592000,h3-27=\":443\"; ma=2592000,h3-25=\":443\"; ma=2592000,h3-T050=\":443\"; ma=2592000,h3-Q050=\":443\"; ma=2592000,h3-Q046=\":443\"; ma=2592000,h3-Q043=\":443\"; ma=2592000,quic=\":443\"; ma=2592000; v=\"46,43\"","accept-ranges":"none","transfer-encoding":"chunked"}
[debug] [2020-07-19T10:44:38.343Z] [rules] created ruleset projects/online-cv-476e2/rulesets/3192fd25-de15-473b-8934-fc1086b19c32
[info] i  functions: preparing functions directory for uploading... 
[debug] [2020-07-19T10:44:38.348Z] >>> HTTP REQUEST GET https://runtimeconfig.googleapis.com/v1beta1/projects/online-cv-476e2/configs  
 
[debug] [2020-07-19T10:44:38.791Z] <<< HTTP RESPONSE 200 {"content-type":"application/json; charset=UTF-8","vary":"X-Origin, Referer, Origin,Accept-Encoding","date":"Sun, 19 Jul 2020 10:44:39 GMT","server":"ESF","cache-control":"private","x-xss-protection":"0","x-frame-options":"SAMEORIGIN","x-content-type-options":"nosniff","alt-svc":"h3-29=\":443\"; ma=2592000,h3-27=\":443\"; ma=2592000,h3-25=\":443\"; ma=2592000,h3-T050=\":443\"; ma=2592000,h3-Q050=\":443\"; ma=2592000,h3-Q046=\":443\"; ma=2592000,h3-Q043=\":443\"; ma=2592000,quic=\":443\"; ma=2592000; v=\"46,43\"","accept-ranges":"none","transfer-encoding":"chunked"}
[debug] [2020-07-19T10:44:38.792Z] >>> HTTP REQUEST GET https://runtimeconfig.googleapis.com/v1beta1/projects/online-cv-476e2/configs/fbconfig/variables  
 
[debug] [2020-07-19T10:44:38.793Z] >>> HTTP REQUEST GET https://runtimeconfig.googleapis.com/v1beta1/projects/online-cv-476e2/configs/github/variables  
 
[debug] [2020-07-19T10:44:38.793Z] >>> HTTP REQUEST GET https://runtimeconfig.googleapis.com/v1beta1/projects/online-cv-476e2/configs/gmail/variables  
 
[debug] [2020-07-19T10:44:38.794Z] >>> HTTP REQUEST GET https://runtimeconfig.googleapis.com/v1beta1/projects/online-cv-476e2/configs/fbase/variables  
 
[debug] [2020-07-19T10:44:39.001Z] <<< HTTP RESPONSE 200 {"content-type":"application/json; charset=UTF-8","vary":"X-Origin, Referer, Origin,Accept-Encoding","date":"Sun, 19 Jul 2020 10:44:39 GMT","server":"ESF","cache-control":"private","x-xss-protection":"0","x-frame-options":"SAMEORIGIN","x-content-type-options":"nosniff","alt-svc":"h3-29=\":443\"; ma=2592000,h3-27=\":443\"; ma=2592000,h3-25=\":443\"; ma=2592000,h3-T050=\":443\"; ma=2592000,h3-Q050=\":443\"; ma=2592000,h3-Q046=\":443\"; ma=2592000,h3-Q043=\":443\"; ma=2592000,quic=\":443\"; ma=2592000; v=\"46,43\"","accept-ranges":"none","transfer-encoding":"chunked"}
[debug] [2020-07-19T10:44:39.002Z] >>> HTTP REQUEST GET https://runtimeconfig.googleapis.com/v1beta1/projects/online-cv-476e2/configs/gmail/variables/login  
 
[debug] [2020-07-19T10:44:39.002Z] >>> HTTP REQUEST GET https://runtimeconfig.googleapis.com/v1beta1/projects/online-cv-476e2/configs/gmail/variables/pass  
 
[debug] [2020-07-19T10:44:39.007Z] <<< HTTP RESPONSE 200 {"content-type":"application/json; charset=UTF-8","vary":"X-Origin, Referer, Origin,Accept-Encoding","date":"Sun, 19 Jul 2020 10:44:39 GMT","server":"ESF","cache-control":"private","x-xss-protection":"0","x-frame-options":"SAMEORIGIN","x-content-type-options":"nosniff","alt-svc":"h3-29=\":443\"; ma=2592000,h3-27=\":443\"; ma=2592000,h3-25=\":443\"; ma=2592000,h3-T050=\":443\"; ma=2592000,h3-Q050=\":443\"; ma=2592000,h3-Q046=\":443\"; ma=2592000,h3-Q043=\":443\"; ma=2592000,quic=\":443\"; ma=2592000; v=\"46,43\"","accept-ranges":"none","transfer-encoding":"chunked"}
[debug] [2020-07-19T10:44:39.017Z] <<< HTTP RESPONSE 200 {"content-type":"application/json; charset=UTF-8","vary":"X-Origin, Referer, Origin,Accept-Encoding","date":"Sun, 19 Jul 2020 10:44:39 GMT","server":"ESF","cache-control":"private","x-xss-protection":"0","x-frame-options":"SAMEORIGIN","x-content-type-options":"nosniff","alt-svc":"h3-29=\":443\"; ma=2592000,h3-27=\":443\"; ma=2592000,h3-25=\":443\"; ma=2592000,h3-T050=\":443\"; ma=2592000,h3-Q050=\":443\"; ma=2592000,h3-Q046=\":443\"; ma=2592000,h3-Q043=\":443\"; ma=2592000,quic=\":443\"; ma=2592000; v=\"46,43\"","accept-ranges":"none","transfer-encoding":"chunked"}
[debug] [2020-07-19T10:44:39.017Z] >>> HTTP REQUEST GET https://runtimeconfig.googleapis.com/v1beta1/projects/online-cv-476e2/configs/github/variables/key  
 
[debug] [2020-07-19T10:44:39.069Z] <<< HTTP RESPONSE 200 {"content-type":"application/json; charset=UTF-8","vary":"X-Origin, Referer, Origin,Accept-Encoding","date":"Sun, 19 Jul 2020 10:44:39 GMT","server":"ESF","cache-control":"private","x-xss-protection":"0","x-frame-options":"SAMEORIGIN","x-content-type-options":"nosniff","alt-svc":"h3-29=\":443\"; ma=2592000,h3-27=\":443\"; ma=2592000,h3-25=\":443\"; ma=2592000,h3-T050=\":443\"; ma=2592000,h3-Q050=\":443\"; ma=2592000,h3-Q046=\":443\"; ma=2592000,h3-Q043=\":443\"; ma=2592000,quic=\":443\"; ma=2592000; v=\"46,43\"","accept-ranges":"none","transfer-encoding":"chunked"}
[debug] [2020-07-19T10:44:39.070Z] >>> HTTP REQUEST GET https://runtimeconfig.googleapis.com/v1beta1/projects/online-cv-476e2/configs/fbconfig/variables/apikey  
 
[debug] [2020-07-19T10:44:39.070Z] >>> HTTP REQUEST GET https://runtimeconfig.googleapis.com/v1beta1/projects/online-cv-476e2/configs/fbconfig/variables/database  
 
[debug] [2020-07-19T10:44:39.193Z] <<< HTTP RESPONSE 200 {"content-type":"application/json; charset=UTF-8","vary":"X-Origin, Referer, Origin,Accept-Encoding","date":"Sun, 19 Jul 2020 10:44:39 GMT","server":"ESF","cache-control":"private","x-xss-protection":"0","x-frame-options":"SAMEORIGIN","x-content-type-options":"nosniff","alt-svc":"h3-29=\":443\"; ma=2592000,h3-27=\":443\"; ma=2592000,h3-25=\":443\"; ma=2592000,h3-T050=\":443\"; ma=2592000,h3-Q050=\":443\"; ma=2592000,h3-Q046=\":443\"; ma=2592000,h3-Q043=\":443\"; ma=2592000,quic=\":443\"; ma=2592000; v=\"46,43\"","accept-ranges":"none","transfer-encoding":"chunked"}
[debug] [2020-07-19T10:44:39.217Z] <<< HTTP RESPONSE 200 {"content-type":"application/json; charset=UTF-8","vary":"X-Origin, Referer, Origin,Accept-Encoding","date":"Sun, 19 Jul 2020 10:44:39 GMT","server":"ESF","cache-control":"private","x-xss-protection":"0","x-frame-options":"SAMEORIGIN","x-content-type-options":"nosniff","alt-svc":"h3-29=\":443\"; ma=2592000,h3-27=\":443\"; ma=2592000,h3-25=\":443\"; ma=2592000,h3-T050=\":443\"; ma=2592000,h3-Q050=\":443\"; ma=2592000,h3-Q046=\":443\"; ma=2592000,h3-Q043=\":443\"; ma=2592000,quic=\":443\"; ma=2592000; v=\"46,43\"","accept-ranges":"none","transfer-encoding":"chunked"}
[debug] [2020-07-19T10:44:39.308Z] <<< HTTP RESPONSE 200 {"content-type":"application/json; charset=UTF-8","vary":"X-Origin, Referer, Origin,Accept-Encoding","date":"Sun, 19 Jul 2020 10:44:39 GMT","server":"ESF","cache-control":"private","x-xss-protection":"0","x-frame-options":"SAMEORIGIN","x-content-type-options":"nosniff","alt-svc":"h3-29=\":443\"; ma=2592000,h3-27=\":443\"; ma=2592000,h3-25=\":443\"; ma=2592000,h3-T050=\":443\"; ma=2592000,h3-Q050=\":443\"; ma=2592000,h3-Q046=\":443\"; ma=2592000,h3-Q043=\":443\"; ma=2592000,quic=\":443\"; ma=2592000; v=\"46,43\"","accept-ranges":"none","transfer-encoding":"chunked"}
[debug] [2020-07-19T10:44:39.325Z] <<< HTTP RESPONSE 200 {"content-type":"application/json; charset=UTF-8","vary":"X-Origin, Referer, Origin,Accept-Encoding","date":"Sun, 19 Jul 2020 10:44:39 GMT","server":"ESF","cache-control":"private","x-xss-protection":"0","x-frame-options":"SAMEORIGIN","x-content-type-options":"nosniff","alt-svc":"h3-29=\":443\"; ma=2592000,h3-27=\":443\"; ma=2592000,h3-25=\":443\"; ma=2592000,h3-T050=\":443\"; ma=2592000,h3-Q050=\":443\"; ma=2592000,h3-Q046=\":443\"; ma=2592000,h3-Q043=\":443\"; ma=2592000,quic=\":443\"; ma=2592000; v=\"46,43\"","accept-ranges":"none","transfer-encoding":"chunked"}
[debug] [2020-07-19T10:44:39.383Z] <<< HTTP RESPONSE 200 {"content-type":"application/json; charset=UTF-8","vary":"X-Origin, Referer, Origin,Accept-Encoding","date":"Sun, 19 Jul 2020 10:44:39 GMT","server":"ESF","cache-control":"private","x-xss-protection":"0","x-frame-options":"SAMEORIGIN","x-content-type-options":"nosniff","alt-svc":"h3-29=\":443\"; ma=2592000,h3-27=\":443\"; ma=2592000,h3-25=\":443\"; ma=2592000,h3-T050=\":443\"; ma=2592000,h3-Q050=\":443\"; ma=2592000,h3-Q046=\":443\"; ma=2592000,h3-Q043=\":443\"; ma=2592000,quic=\":443\"; ma=2592000; v=\"46,43\"","accept-ranges":"none","transfer-encoding":"chunked"}
[info] i  functions: packaged functions (44.79 KB) for uploading 
[debug] [2020-07-19T10:44:40.007Z] >>> HTTP REQUEST GET https://cloudfunctions.googleapis.com/v1/projects/online-cv-476e2/locations/-/functions  
 
[debug] [2020-07-19T10:44:40.501Z] <<< HTTP RESPONSE 200 {"content-type":"application/json; charset=UTF-8","vary":"X-Origin, Referer, Origin,Accept-Encoding","date":"Sun, 19 Jul 2020 10:44:41 GMT","server":"ESF","cache-control":"private","x-xss-protection":"0","x-frame-options":"SAMEORIGIN","x-content-type-options":"nosniff","alt-svc":"h3-29=\":443\"; ma=2592000,h3-27=\":443\"; ma=2592000,h3-25=\":443\"; ma=2592000,h3-T050=\":443\"; ma=2592000,h3-Q050=\":443\"; ma=2592000,h3-Q046=\":443\"; ma=2592000,h3-Q043=\":443\"; ma=2592000,quic=\":443\"; ma=2592000; v=\"46,43\"","accept-ranges":"none","transfer-encoding":"chunked"}
[debug] [2020-07-19T10:44:40.507Z] >>> HTTP REQUEST POST https://cloudfunctions.googleapis.com/v1/projects/online-cv-476e2/locations/us-central1/functions:generateUploadUrl  
 
[debug] [2020-07-19T10:44:40.997Z] <<< HTTP RESPONSE 200 {"content-type":"application/json; charset=UTF-8","vary":"X-Origin, Referer, Origin,Accept-Encoding","date":"Sun, 19 Jul 2020 10:44:41 GMT","server":"ESF","cache-control":"private","x-xss-protection":"0","x-frame-options":"SAMEORIGIN","x-content-type-options":"nosniff","alt-svc":"h3-29=\":443\"; ma=2592000,h3-27=\":443\"; ma=2592000,h3-25=\":443\"; ma=2592000,h3-T050=\":443\"; ma=2592000,h3-Q050=\":443\"; ma=2592000,h3-Q046=\":443\"; ma=2592000,h3-Q043=\":443\"; ma=2592000,quic=\":443\"; ma=2592000; v=\"46,43\"","accept-ranges":"none","transfer-encoding":"chunked"}
[debug] [2020-07-19T10:44:40.998Z] >>> HTTP REQUEST PUT https://storage.googleapis.com/gcf-upload-us-central1-2659b784-0ccb-4a1e-87d2-58c62dcbd742/d2ddcc92-52f8-4aee-9c23-7589d7c2e5da.zip?GoogleAccessId=service-15254916845@gcf-admin-robot.iam.gserviceaccount.com&Expires=1595157281&Signature=KExMq%2FeAWeHsl64FRb3tJ%2B%2B6Cp3PgwimswTZQKRhkr9ejoZUhocwQdfRmh2jrpj%2BBxs1CCuJf1lS8PJNdEHXNtrCD7xcJJGb89cjo6FAkHRFHvVT6Mtr0YSppYtDDoFfLlp74zpSOVgl6ENxlYFlk7oi0ujLeOI74yUW0bbIUl4hsVvpsf1zyEZFblw3pGWV24x84pJtPRSjgcSvYZpUmecepas234bORgiFACimkNyGwBJ2gWPqnt5TdbGeWM4UoMoMLXmH%2Fxa9qjPBJHm9eOwC1fHFZWpxP9shFZP%2FXqavHFS9bC707vRLDFZDMskWDydjk7P%2BfMaWHTtWqyRFqw%3D%3D  
 <request body omitted>
[debug] [2020-07-19T10:44:41.454Z] <<< HTTP RESPONSE 200 {"x-guploader-uploadid":"AAANsUmHvxj_frz2GJkXQZCZrYooBHaawD9HZaoKSrvpjsBH7AkZj9HUnuEWLUpPfQcXrLSCMr91rth8P1uN2N2fpOfUEEhhOQ","etag":"\"06156d1991c7c09377a6c3edef59b6d5\"","x-goog-generation":"1595155481939987","x-goog-metageneration":"1","x-goog-hash":"crc32c=FagBOA==, md5=BhVtGZHHwJN3psPt71m21Q==","x-goog-stored-content-length":"45869","x-goog-stored-content-encoding":"identity","vary":"Origin","content-length":"0","date":"Sun, 19 Jul 2020 10:44:42 GMT","server":"UploadServer","content-type":"text/html; charset=UTF-8","alt-svc":"h3-29=\":443\"; ma=2592000,h3-27=\":443\"; ma=2592000,h3-25=\":443\"; ma=2592000,h3-T050=\":443\"; ma=2592000,h3-Q050=\":443\"; ma=2592000,h3-Q046=\":443\"; ma=2592000,h3-Q043=\":443\"; ma=2592000,quic=\":443\"; ma=2592000; v=\"46,43\""}
[info] +  functions: functions folder uploaded successfully 
[info] i  hosting[online-cv-476e2]: beginning deploy... 
[info] i  hosting[online-cv-476e2]: found 4 files in public 
[debug] [2020-07-19T10:44:41.486Z] [hosting] hash cache [cHVibGlj] stored for 4 files
[debug] [2020-07-19T10:44:41.486Z] [hosting][hash queue][FINAL] {"max":2,"min":1,"avg":1,"active":0,"complete":4,"success":4,"errored":0,"retried":0,"total":4,"elapsed":7}
[debug] [2020-07-19T10:44:41.486Z] >>> HTTP REQUEST POST https://firebasehosting.googleapis.com/v1beta1/sites/online-cv-476e2/versions/a8528448f9b45b78:populateFiles  
 <request body omitted>
[debug] [2020-07-19T10:44:42.550Z] <<< HTTP RESPONSE 200 {"content-type":"application/json; charset=UTF-8","vary":"X-Origin, Referer, Origin,Accept-Encoding","date":"Sun, 19 Jul 2020 10:44:43 GMT","server":"ESF","cache-control":"private","x-xss-protection":"0","x-frame-options":"SAMEORIGIN","x-content-type-options":"nosniff","alt-svc":"h3-29=\":443\"; ma=2592000,h3-27=\":443\"; ma=2592000,h3-25=\":443\"; ma=2592000,h3-T050=\":443\"; ma=2592000,h3-Q050=\":443\"; ma=2592000,h3-Q046=\":443\"; ma=2592000,h3-Q043=\":443\"; ma=2592000,quic=\":443\"; ma=2592000; v=\"46,43\"","accept-ranges":"none","transfer-encoding":"chunked"}
[debug] [2020-07-19T10:44:42.551Z] [hosting][populate queue][FINAL] {"max":1070,"min":1070,"avg":1070,"active":0,"complete":1,"success":1,"errored":0,"retried":0,"total":1,"elapsed":1070}
[debug] [2020-07-19T10:44:42.551Z] [hosting] uploads queued: 0
[debug] [2020-07-19T10:44:42.551Z] [hosting][upload queue][FINAL] {"max":0,"min":9999999999,"avg":0,"active":0,"complete":0,"success":0,"errored":0,"retried":0,"total":0,"elapsed":1595155482551}
[info] +  hosting[online-cv-476e2]: file upload complete 
[debug] [2020-07-19T10:44:42.552Z] [hosting] deploy completed after 1094ms
[debug] [2020-07-19T10:44:42.607Z] [rules] releasing firebase.storage/online-cv-476e2.appspot.com with ruleset projects/online-cv-476e2/rulesets/f5100164-57f3-464d-9bf0-02526bbe4c4a
[debug] [2020-07-19T10:44:42.607Z] >>> HTTP REQUEST PATCH https://firebaserules.googleapis.com/v1/projects/online-cv-476e2/releases/firebase.storage/online-cv-476e2.appspot.com  
 {"release":{"name":"projects/online-cv-476e2/releases/firebase.storage/online-cv-476e2.appspot.com","rulesetName":"projects/online-cv-476e2/rulesets/f5100164-57f3-464d-9bf0-02526bbe4c4a"}}
[debug] [2020-07-19T10:44:43.448Z] <<< HTTP RESPONSE 200 {"content-type":"application/json; charset=UTF-8","vary":"X-Origin, Referer, Origin,Accept-Encoding","date":"Sun, 19 Jul 2020 10:44:43 GMT","server":"ESF","cache-control":"private","x-xss-protection":"0","x-frame-options":"SAMEORIGIN","x-content-type-options":"nosniff","alt-svc":"h3-29=\":443\"; ma=2592000,h3-27=\":443\"; ma=2592000,h3-25=\":443\"; ma=2592000,h3-T050=\":443\"; ma=2592000,h3-Q050=\":443\"; ma=2592000,h3-Q046=\":443\"; ma=2592000,h3-Q043=\":443\"; ma=2592000,quic=\":443\"; ma=2592000; v=\"46,43\"","accept-ranges":"none","transfer-encoding":"chunked"}
[debug] [2020-07-19T10:44:43.449Z] [rules] updated release projects/online-cv-476e2/releases/firebase.storage/online-cv-476e2.appspot.com
[info] +  storage: released rules storage.rules to firebase.storage 
[debug] [2020-07-19T10:44:43.452Z] [rules] releasing cloud.firestore with ruleset projects/online-cv-476e2/rulesets/3192fd25-de15-473b-8934-fc1086b19c32
[debug] [2020-07-19T10:44:43.453Z] >>> HTTP REQUEST PATCH https://firebaserules.googleapis.com/v1/projects/online-cv-476e2/releases/cloud.firestore  
 {"release":{"name":"projects/online-cv-476e2/releases/cloud.firestore","rulesetName":"projects/online-cv-476e2/rulesets/3192fd25-de15-473b-8934-fc1086b19c32"}}
[debug] [2020-07-19T10:44:44.301Z] <<< HTTP RESPONSE 200 {"content-type":"application/json; charset=UTF-8","vary":"X-Origin, Referer, Origin,Accept-Encoding","date":"Sun, 19 Jul 2020 10:44:44 GMT","server":"ESF","cache-control":"private","x-xss-protection":"0","x-frame-options":"SAMEORIGIN","x-content-type-options":"nosniff","alt-svc":"h3-29=\":443\"; ma=2592000,h3-27=\":443\"; ma=2592000,h3-25=\":443\"; ma=2592000,h3-T050=\":443\"; ma=2592000,h3-Q050=\":443\"; ma=2592000,h3-Q046=\":443\"; ma=2592000,h3-Q043=\":443\"; ma=2592000,quic=\":443\"; ma=2592000; v=\"46,43\"","accept-ranges":"none","transfer-encoding":"chunked"}
[debug] [2020-07-19T10:44:44.302Z] [rules] updated release projects/online-cv-476e2/releases/cloud.firestore
[info] +  firestore: released rules firestore.rules to cloud.firestore 
[info] i  functions: updating Node.js 8 (Deprecated) function api(us-central1)... 
[debug] [2020-07-19T10:44:44.314Z] Trigger is:  {"httpsTrigger":{}}
[debug] [2020-07-19T10:44:44.320Z] >>> HTTP REQUEST PATCH https://cloudfunctions.googleapis.com/v1/projects/online-cv-476e2/locations/us-central1/functions/api {"updateMask":"sourceUploadUrl,name,labels,runtime,environmentVariables,httpsTrigger"} 
 {"sourceUploadUrl":"https://storage.googleapis.com/gcf-upload-us-central1-2659b784-0ccb-4a1e-87d2-58c62dcbd742/d2ddcc92-52f8-4aee-9c23-7589d7c2e5da.zip?GoogleAccessId=service-15254916845@gcf-admin-robot.iam.gserviceaccount.com&Expires=1595157281&Signature=KExMq%2FeAWeHsl64FRb3tJ%2B%2B6Cp3PgwimswTZQKRhkr9ejoZUhocwQdfRmh2jrpj%2BBxs1CCuJf1lS8PJNdEHXNtrCD7xcJJGb89cjo6FAkHRFHvVT6Mtr0YSppYtDDoFfLlp74zpSOVgl6ENxlYFlk7oi0ujLeOI74yUW0bbIUl4hsVvpsf1zyEZFblw3pGWV24x84pJtPRSjgcSvYZpUmecepas234bORgiFACimkNyGwBJ2gWPqnt5TdbGeWM4UoMoMLXmH%2Fxa9qjPBJHm9eOwC1fHFZWpxP9shFZP%2FXqavHFS9bC707vRLDFZDMskWDydjk7P%2BfMaWHTtWqyRFqw%3D%3D","name":"projects/online-cv-476e2/locations/us-central1/functions/api","labels":{"deployment-tool":"cli-firebase"},"httpsTrigger":{},"runtime":"nodejs8","environmentVariables":{"FIREBASE_CONFIG":"{\"projectId\":\"online-cv-476e2\",\"databaseURL\":\"https://online-cv-476e2.firebaseio.com\",\"storageBucket\":\"online-cv-476e2.appspot.com\",\"locationId\":\"europe-west2\"}"}}
[debug] [2020-07-19T10:44:44.766Z] <<< HTTP RESPONSE 200 {"content-type":"application/json; charset=UTF-8","vary":"X-Origin, Referer, Origin,Accept-Encoding","date":"Sun, 19 Jul 2020 10:44:45 GMT","server":"ESF","cache-control":"private","x-xss-protection":"0","x-frame-options":"SAMEORIGIN","x-content-type-options":"nosniff","alt-svc":"h3-29=\":443\"; ma=2592000,h3-27=\":443\"; ma=2592000,h3-25=\":443\"; ma=2592000,h3-T050=\":443\"; ma=2592000,h3-Q050=\":443\"; ma=2592000,h3-Q046=\":443\"; ma=2592000,h3-Q043=\":443\"; ma=2592000,quic=\":443\"; ma=2592000; v=\"46,43\"","accept-ranges":"none","transfer-encoding":"chunked"}
[debug] [2020-07-19T10:44:44.769Z] >>> HTTP REQUEST GET https://cloudfunctions.googleapis.com/v1/projects/online-cv-476e2/locations/-/functions  
 
[debug] [2020-07-19T10:44:45.217Z] <<< HTTP RESPONSE 200 {"content-type":"application/json; charset=UTF-8","vary":"X-Origin, Referer, Origin,Accept-Encoding","date":"Sun, 19 Jul 2020 10:44:45 GMT","server":"ESF","cache-control":"private","x-xss-protection":"0","x-frame-options":"SAMEORIGIN","x-content-type-options":"nosniff","alt-svc":"h3-29=\":443\"; ma=2592000,h3-27=\":443\"; ma=2592000,h3-25=\":443\"; ma=2592000,h3-T050=\":443\"; ma=2592000,h3-Q050=\":443\"; ma=2592000,h3-Q046=\":443\"; ma=2592000,h3-Q043=\":443\"; ma=2592000,quic=\":443\"; ma=2592000; v=\"46,43\"","accept-ranges":"none","transfer-encoding":"chunked"}
[debug] [2020-07-19T10:44:45.218Z] >>> HTTP REQUEST GET https://cloudfunctions.googleapis.com/v1/operations/b25saW5lLWN2LTQ3NmUyL3VzLWNlbnRyYWwxL2FwaS9qSF9sNXdfLTZCTQ  
 
[debug] [2020-07-19T10:44:45.464Z] <<< HTTP RESPONSE 200 {"content-type":"application/json; charset=UTF-8","vary":"X-Origin, Referer, Origin,Accept-Encoding","date":"Sun, 19 Jul 2020 10:44:46 GMT","server":"ESF","cache-control":"private","x-xss-protection":"0","x-frame-options":"SAMEORIGIN","x-content-type-options":"nosniff","alt-svc":"h3-29=\":443\"; ma=2592000,h3-27=\":443\"; ma=2592000,h3-25=\":443\"; ma=2592000,h3-T050=\":443\"; ma=2592000,h3-Q050=\":443\"; ma=2592000,h3-Q046=\":443\"; ma=2592000,h3-Q043=\":443\"; ma=2592000,quic=\":443\"; ma=2592000; v=\"46,43\"","accept-ranges":"none","transfer-encoding":"chunked"}
[debug] [2020-07-19T10:44:47.466Z] >>> HTTP REQUEST GET https://cloudfunctions.googleapis.com/v1/operations/b25saW5lLWN2LTQ3NmUyL3VzLWNlbnRyYWwxL2FwaS9qSF9sNXdfLTZCTQ  
 
[debug] [2020-07-19T10:44:47.717Z] <<< HTTP RESPONSE 200 {"content-type":"application/json; charset=UTF-8","vary":"X-Origin, Referer, Origin,Accept-Encoding","date":"Sun, 19 Jul 2020 10:44:48 GMT","server":"ESF","cache-control":"private","x-xss-protection":"0","x-frame-options":"SAMEORIGIN","x-content-type-options":"nosniff","alt-svc":"h3-29=\":443\"; ma=2592000,h3-27=\":443\"; ma=2592000,h3-25=\":443\"; ma=2592000,h3-T050=\":443\"; ma=2592000,h3-Q050=\":443\"; ma=2592000,h3-Q046=\":443\"; ma=2592000,h3-Q043=\":443\"; ma=2592000,quic=\":443\"; ma=2592000; v=\"46,43\"","accept-ranges":"none","transfer-encoding":"chunked"}
[debug] [2020-07-19T10:44:49.718Z] >>> HTTP REQUEST GET https://cloudfunctions.googleapis.com/v1/operations/b25saW5lLWN2LTQ3NmUyL3VzLWNlbnRyYWwxL2FwaS9qSF9sNXdfLTZCTQ  
 
[debug] [2020-07-19T10:44:49.944Z] <<< HTTP RESPONSE 200 {"content-type":"application/json; charset=UTF-8","vary":"X-Origin, Referer, Origin,Accept-Encoding","date":"Sun, 19 Jul 2020 10:44:50 GMT","server":"ESF","cache-control":"private","x-xss-protection":"0","x-frame-options":"SAMEORIGIN","x-content-type-options":"nosniff","alt-svc":"h3-29=\":443\"; ma=2592000,h3-27=\":443\"; ma=2592000,h3-25=\":443\"; ma=2592000,h3-T050=\":443\"; ma=2592000,h3-Q050=\":443\"; ma=2592000,h3-Q046=\":443\"; ma=2592000,h3-Q043=\":443\"; ma=2592000,quic=\":443\"; ma=2592000; v=\"46,43\"","accept-ranges":"none","transfer-encoding":"chunked"}
[debug] [2020-07-19T10:44:51.946Z] >>> HTTP REQUEST GET https://cloudfunctions.googleapis.com/v1/operations/b25saW5lLWN2LTQ3NmUyL3VzLWNlbnRyYWwxL2FwaS9qSF9sNXdfLTZCTQ  
 
[debug] [2020-07-19T10:44:52.146Z] <<< HTTP RESPONSE 200 {"content-type":"application/json; charset=UTF-8","vary":"X-Origin, Referer, Origin,Accept-Encoding","date":"Sun, 19 Jul 2020 10:44:52 GMT","server":"ESF","cache-control":"private","x-xss-protection":"0","x-frame-options":"SAMEORIGIN","x-content-type-options":"nosniff","alt-svc":"h3-29=\":443\"; ma=2592000,h3-27=\":443\"; ma=2592000,h3-25=\":443\"; ma=2592000,h3-T050=\":443\"; ma=2592000,h3-Q050=\":443\"; ma=2592000,h3-Q046=\":443\"; ma=2592000,h3-Q043=\":443\"; ma=2592000,quic=\":443\"; ma=2592000; v=\"46,43\"","accept-ranges":"none","transfer-encoding":"chunked"}
